-------------------------------------------------------------------------------
Test set: com.cloudbees.jenkins.plugins.pipeline.explorer.log.analytics.AdvancedConsoleAccessedEventTest
-------------------------------------------------------------------------------
Tests run: 1, Failures: 1, Errors: 0, Skipped: 0, Time elapsed: 27.86 s <<< FAILURE! -- in com.cloudbees.jenkins.plugins.pipeline.explorer.log.analytics.AdvancedConsoleAccessedEventTest
com.cloudbees.jenkins.plugins.pipeline.explorer.log.analytics.AdvancedConsoleAccessedEventTest.smokes -- Time elapsed: 27.82 s <<< FAILURE!
java.lang.AssertionError: 

Expected: <{anonymousId=e9434cd1-e450-4cd5-ade2-e4d255b42caa, properties.jenkins_log_preferences_timestamps=true, properties.jenkins_log_preferences_scroll_to_error=false, context.cloudbees.jenkins_instance_id=e9434cd1-e450-4cd5-ade2-e4d255b42caa, context.cloudbees.product_version=version-product-under-test, properties.jenkins_anonymized_user_id=k2kj+lh1RBhRazQuJe4qE2K3KPuIBAY44SiKoKmVwEg=, context.cloudbees.product=id-product-under-test, properties.jenkins_job_name_hash=tGNukCuGdMQf3Fx/caDQOs0WGCnoRmkUBgLJs7lZByE=, properties.jenkins_log_preferences_show_elapsed_time_in_tree=true, properties.jenkins_log_preferences_line_numbers=false, properties.jenkins_build_result=SUCCESS, properties.jenkins_log_preferences_theme=sysem, properties.jenkins_log_preferences_scroll_to_end=true, properties.jenkins_log_preferences_timestamps_type=absolute, properties.jenkins_build_complete=true, properties.jenkins_log_supported=true, properties.jenkins_log_preferences_word_wrap=false, properties.jenkins_build_number=1, properties.jenkins_user_agent=Mozilla/5.0 (Windows NT 10.0; Win64; x64) AppleWebKit/537.36 (KHTML, like Gecko) Chrome/115.0.0.0 Safari/537.36, properties.jenkins_log_preferences_display_colors=true, properties.jenkins_log_preferences_favorite=tree}>
     but: was <{anonymousId=e9434cd1-e450-4cd5-ade2-e4d255b42caa, properties.jenkins_log_preferences_timestamps=true, properties.jenkins_log_preferences_scroll_to_error=false, context.cloudbees.jenkins_instance_id=e9434cd1-e450-4cd5-ade2-e4d255b42caa, context.cloudbees.product_version=version-product-under-test, properties.jenkins_anonymized_user_id=k2kj+lh1RBhRazQuJe4qE2K3KPuIBAY44SiKoKmVwEg=, context.cloudbees.product=id-product-under-test, properties.jenkins_job_name_hash=tGNukCuGdMQf3Fx/caDQOs0WGCnoRmkUBgLJs7lZByE=, properties.jenkins_log_preferences_show_elapsed_time_in_tree=true, properties.jenkins_log_preferences_line_numbers=false, properties.jenkins_build_result=SUCCESS, properties.jenkins_log_preferences_theme=system, properties.jenkins_log_preferences_scroll_to_end=true, properties.jenkins_log_preferences_timestamps_type=absolute, properties.jenkins_build_complete=true, properties.jenkins_log_supported=true, properties.jenkins_build_number=1, properties.jenkins_log_preferences_word_wrap=false, properties.jenkins_user_agent=Mozilla/5.0 (Windows NT 10.0; Win64; x64) AppleWebKit/537.36 (KHTML, like Gecko) Chrome/115.0.0.0 Safari/537.36, properties.jenkins_log_preferences_display_colors=true, properties.jenkins_log_preferences_favorite=tree}>
	at org.hamcrest.MatcherAssert.assertThat(MatcherAssert.java:20)
	at org.hamcrest.MatcherAssert.assertThat(MatcherAssert.java:6)
	at com.cloudbees.analytics.gatherer.MockRecordingSenderAbstractTest.assertEventsSent(MockRecordingSenderAbstractTest.java:130)
	at com.cloudbees.jenkins.plugins.pipeline.explorer.log.analytics.AdvancedConsoleAccessedEventTest.smokes(AdvancedConsoleAccessedEventTest.java:61)
	at java.base/java.lang.reflect.Method.invoke(Method.java:566)
	at org.jvnet.hudson.test.JenkinsRule$1.evaluate(JenkinsRule.java:607)
	at java.base/java.util.concurrent.FutureTask.run(FutureTask.java:264)
	at java.base/java.lang.Thread.run(Thread.java:834)

