<testsuites id="" name="" tests="145" failures="83" skipped="5" errors="0" time="1175.3265729999998">
<testsuite name="src/test/ts/e2e/global.setup.ts" timestamp="2023-09-27T10:31:54.280Z" hostname="setup" tests="1" failures="0" skipped="0" time="1.655" errors="0">
<testcase name="check builds [setup]" classname="src/test/ts/e2e/global.setup.ts" time="1.655">
<system-out>
<![CDATA[Waiting for expected builds to finish
Expected builds finished
]]>
</system-out>
</testcase>
</testsuite>
<testsuite name="src/test/ts/e2e/badges.spec.ts" timestamp="2023-09-27T10:31:54.280Z" hostname="chromium" tests="2" failures="2" skipped="0" time="120" errors="0">
<testcase name="parallel badges [chromium]" classname="src/test/ts/e2e/badges.spec.ts" time="90.001">
<properties>
<property name="slow" value="">
</property>
</properties>
<failure message="badges.spec.ts:10:5 parallel badges [chromium]" type="FAILURE">
<![CDATA[  [chromium] › src/test/ts/e2e/badges.spec.ts:10:5 › parallel badges [chromium] ────────────────────

    Test timeout of 90000ms exceeded.

    Error: locator.evaluate: Target page, context or browser has been closed

       at src/test/ts/e2e/utils/utils.ts:126

      124 |
      125 | async function _scrollTo(page: Page, scroll: number, search = false) {
    > 126 |   await locateDisplay(page, search).evaluate(async (e, scrollBy) => {
          |                                     ^
      127 |     // execute scrollBy once
      128 |     e.scrollBy(0, scrollBy);
      129 |

        at _scrollTo (/src/jenkins/plugins/cloudbees-console-log-viewer/src/test/ts/e2e/utils/utils.ts:126:37)
        at _scrollToBottom (/src/jenkins/plugins/cloudbees-console-log-viewer/src/test/ts/e2e/utils/utils.ts:172:9)
        at _executeScrollBy (/src/jenkins/plugins/cloudbees-console-log-viewer/src/test/ts/e2e/utils/utils.ts:120:5)
        at _executeScrollBy (/src/jenkins/plugins/cloudbees-console-log-viewer/src/test/ts/e2e/utils/utils.ts:121:5)
        at _executeScrollBy (/src/jenkins/plugins/cloudbees-console-log-viewer/src/test/ts/e2e/utils/utils.ts:121:5)
        at scrollSmoothToLineToBottom (/src/jenkins/plugins/cloudbees-console-log-viewer/src/test/ts/e2e/utils/utils.ts:203:3)
        at /src/jenkins/plugins/cloudbees-console-log-viewer/src/test/ts/e2e/badges.spec.ts:43:3

    Pending operations:
      - locator.evaluate at src/test/ts/e2e/utils/utils.ts:126:37


    attachment #1: video (video/webm) ──────────────────────────────────────────────────────────────
    target/playwright-reports/src-test-ts-e2e-badges-parallel-badges-chromium/video.webm
    ────────────────────────────────────────────────────────────────────────────────────────────────

    attachment #2: trace (application/zip) ─────────────────────────────────────────────────────────
    target/playwright-reports/src-test-ts-e2e-badges-parallel-badges-chromium/trace.zip
    Usage:

        yarn playwright show-trace target/playwright-reports/src-test-ts-e2e-badges-parallel-badges-chromium/trace.zip

    ────────────────────────────────────────────────────────────────────────────────────────────────
]]>
</failure>
<system-out>
<![CDATA[
[[ATTACHMENT|target/playwright-reports/src-test-ts-e2e-badges-parallel-badges-chromium/video.webm]]

[[ATTACHMENT|target/playwright-reports/src-test-ts-e2e-badges-parallel-badges-chromium/trace.zip]]
]]>
</system-out>
</testcase>
<testcase name="clickable badges [chromium]" classname="src/test/ts/e2e/badges.spec.ts" time="29.999">
<failure message="badges.spec.ts:56:5 clickable badges [chromium]" type="FAILURE">
<![CDATA[  [chromium] › src/test/ts/e2e/badges.spec.ts:56:5 › clickable badges [chromium] ───────────────────

    Test timeout of 30000ms exceeded.

    Error: locator.getAttribute: Page closed
    =========================== logs ===========================
    waiting for getByTestId(/badge-3-[0-9]+/).last()
    ============================================================

      69 |
      70 |   let badge = await page.getByTestId(/badge-3-[0-9]+/).last();
    > 71 |   const firstTreeNodeId = await badge.getAttribute('data-treenodeid');
         |                                       ^
      72 |   await expect(page.getByTestId(`treeitem${firstTreeNodeId}`)).toHaveAttribute(
      73 |     'data-active',
      74 |     'false',

        at /src/jenkins/plugins/cloudbees-console-log-viewer/src/test/ts/e2e/badges.spec.ts:71:39

    Pending operations:
      - locator.getAttribute at src/test/ts/e2e/badges.spec.ts:71:39


    attachment #1: video (video/webm) ──────────────────────────────────────────────────────────────
    target/playwright-reports/src-test-ts-e2e-badges-clickable-badges-chromium/video.webm
    ────────────────────────────────────────────────────────────────────────────────────────────────

    attachment #2: trace (application/zip) ─────────────────────────────────────────────────────────
    target/playwright-reports/src-test-ts-e2e-badges-clickable-badges-chromium/trace.zip
    Usage:

        yarn playwright show-trace target/playwright-reports/src-test-ts-e2e-badges-clickable-badges-chromium/trace.zip

    ────────────────────────────────────────────────────────────────────────────────────────────────
]]>
</failure>
<system-out>
<![CDATA[
[[ATTACHMENT|target/playwright-reports/src-test-ts-e2e-badges-clickable-badges-chromium/video.webm]]

[[ATTACHMENT|target/playwright-reports/src-test-ts-e2e-badges-clickable-badges-chromium/trace.zip]]
]]>
</system-out>
</testcase>
</testsuite>
<testsuite name="src/test/ts/e2e/error.spec.ts" timestamp="2023-09-27T10:31:54.280Z" hostname="chromium" tests="6" failures="2" skipped="0" time="112.701" errors="0">
<testcase name="errors 4XX occurred during logs loading on top [chromium]" classname="src/test/ts/e2e/error.spec.ts" time="30.009">
<failure message="error.spec.ts:49:5 errors 4XX occurred during logs loading on top [chromium]" type="FAILURE">
<![CDATA[  [chromium] › src/test/ts/e2e/error.spec.ts:49:5 › errors 4XX occurred during logs loading on top [chromium] 

    Test timeout of 30000ms exceeded.

    Error: page.waitForResponse: Page closed
    =========================== logs ===========================
    waiting for response "**/details?line=150"
    ============================================================

      86 |   await setResponseCode(page, url, 200);
      87 |
    > 88 |   response = page.waitForResponse(`**/details?line=${focusedLineNumber}`);
         |                   ^
      89 |   await clickReloadButton(page); // window.location.reload()
      90 |   await response;
      91 |

        at /src/jenkins/plugins/cloudbees-console-log-viewer/src/test/ts/e2e/error.spec.ts:88:19

    Pending operations:
      - expect.toBeInViewport at src/test/ts/e2e/error.spec.ts:29:26


    attachment #1: video (video/webm) ──────────────────────────────────────────────────────────────
    target/playwright-reports/src-test-ts-e2e-error-errors-4XX-occurred-during-logs-loading-on-top-chromium/video.webm
    ────────────────────────────────────────────────────────────────────────────────────────────────

    attachment #2: trace (application/zip) ─────────────────────────────────────────────────────────
    target/playwright-reports/src-test-ts-e2e-error-errors-4XX-occurred-during-logs-loading-on-top-chromium/trace.zip
    Usage:

        yarn playwright show-trace target/playwright-reports/src-test-ts-e2e-error-errors-4XX-occurred-during-logs-loading-on-top-chromium/trace.zip

    ────────────────────────────────────────────────────────────────────────────────────────────────
]]>
</failure>
<system-out>
<![CDATA[
[[ATTACHMENT|target/playwright-reports/src-test-ts-e2e-error-errors-4XX-occurred-during-logs-loading-on-top-chromium/video.webm]]

[[ATTACHMENT|target/playwright-reports/src-test-ts-e2e-error-errors-4XX-occurred-during-logs-loading-on-top-chromium/trace.zip]]
]]>
</system-out>
</testcase>
<testcase name="errors 4XX occurred during logs loading on bottom [chromium]" classname="src/test/ts/e2e/error.spec.ts" time="30.002">
<failure message="error.spec.ts:97:5 errors 4XX occurred during logs loading on bottom [chromium]" type="FAILURE">
<![CDATA[  [chromium] › src/test/ts/e2e/error.spec.ts:97:5 › errors 4XX occurred during logs loading on bottom [chromium] 

    Test timeout of 30000ms exceeded.

    Error: page.waitForResponse: Page closed
    =========================== logs ===========================
    waiting for response "**/logs?page=2"
    ============================================================

      138 |   await setResponseCode(page, url, 200);
      139 |
    > 140 |   response = page.waitForResponse(url);
          |                   ^
      141 |   await clickReloadButton(page);
      142 |   await assertLineScrollingDone(page);
      143 |   await scrollInstantToLine(page, lastPageLineNumber);

        at /src/jenkins/plugins/cloudbees-console-log-viewer/src/test/ts/e2e/error.spec.ts:140:19

    Pending operations:
      - expect.toBeInViewport at src/test/ts/e2e/error.spec.ts:26:28


    attachment #1: video (video/webm) ──────────────────────────────────────────────────────────────
    target/playwright-reports/src-test-ts-e2e-error-errors-4XX-occurred-during-logs-loading-on-bottom-chromium/video.webm
    ────────────────────────────────────────────────────────────────────────────────────────────────

    attachment #2: trace (application/zip) ─────────────────────────────────────────────────────────
    target/playwright-reports/src-test-ts-e2e-error-errors-4XX-occurred-during-logs-loading-on-bottom-chromium/trace.zip
    Usage:

        yarn playwright show-trace target/playwright-reports/src-test-ts-e2e-error-errors-4XX-occurred-during-logs-loading-on-bottom-chromium/trace.zip

    ────────────────────────────────────────────────────────────────────────────────────────────────
]]>
</failure>
<system-out>
<![CDATA[
[[ATTACHMENT|target/playwright-reports/src-test-ts-e2e-error-errors-4XX-occurred-during-logs-loading-on-bottom-chromium/video.webm]]

[[ATTACHMENT|target/playwright-reports/src-test-ts-e2e-error-errors-4XX-occurred-during-logs-loading-on-bottom-chromium/trace.zip]]
]]>
</system-out>
</testcase>
<testcase name="error 500 during logs loading on top [chromium]" classname="src/test/ts/e2e/error.spec.ts" time="19.405">
</testcase>
<testcase name="error 500 during logs loading on bottom [chromium]" classname="src/test/ts/e2e/error.spec.ts" time="19.067">
</testcase>
<testcase name="reload button displayed when error occurred during log [chromium]" classname="src/test/ts/e2e/error.spec.ts" time="10.126">
</testcase>
<testcase name="reload button displayed when error occurred during search [chromium]" classname="src/test/ts/e2e/error.spec.ts" time="4.092">
</testcase>
</testsuite>
<testsuite name="src/test/ts/e2e/general.spec.ts" timestamp="2023-09-27T10:31:54.280Z" hostname="chromium" tests="13" failures="4" skipped="0" time="194.312" errors="0">
<testcase name="elements displayed [chromium]" classname="src/test/ts/e2e/general.spec.ts" time="30">
<failure message="general.spec.ts:19:5 elements displayed [chromium]" type="FAILURE">
<![CDATA[  [chromium] › src/test/ts/e2e/general.spec.ts:19:5 › elements displayed [chromium] ────────────────

    Test timeout of 30000ms exceeded.

    Pending operations:
      - expect.toBeInViewport at src/test/ts/e2e/general.spec.ts:59:30


    attachment #1: video (video/webm) ──────────────────────────────────────────────────────────────
    target/playwright-reports/src-test-ts-e2e-general-elements-displayed-chromium/video.webm
    ────────────────────────────────────────────────────────────────────────────────────────────────

    attachment #2: trace (application/zip) ─────────────────────────────────────────────────────────
    target/playwright-reports/src-test-ts-e2e-general-elements-displayed-chromium/trace.zip
    Usage:

        yarn playwright show-trace target/playwright-reports/src-test-ts-e2e-general-elements-displayed-chromium/trace.zip

    ────────────────────────────────────────────────────────────────────────────────────────────────
]]>
</failure>
<system-out>
<![CDATA[
[[ATTACHMENT|target/playwright-reports/src-test-ts-e2e-general-elements-displayed-chromium/video.webm]]

[[ATTACHMENT|target/playwright-reports/src-test-ts-e2e-general-elements-displayed-chromium/trace.zip]]
]]>
</system-out>
</testcase>
<testcase name="badges status [chromium]" classname="src/test/ts/e2e/general.spec.ts" time="30.001">
<failure message="general.spec.ts:65:5 badges status [chromium]" type="FAILURE">
<![CDATA[  [chromium] › src/test/ts/e2e/general.spec.ts:65:5 › badges status [chromium] ─────────────────────

    Test timeout of 30000ms exceeded.

    Error: page.route: Target page, context or browser has been closed

       at src/test/ts/e2e/utils/rdc-utils.ts:122

      120 |   assertLineScrolling = true,
      121 | ) {
    > 122 |   await page.route(/details.*/, async route => {
          |              ^
      123 |     const response = await route.fetch();
      124 |     const json = await response.json();
      125 |     json.build.status = {

        at switchStatus (/src/jenkins/plugins/cloudbees-console-log-viewer/src/test/ts/e2e/utils/rdc-utils.ts:122:14)
        at /src/jenkins/plugins/cloudbees-console-log-viewer/src/test/ts/e2e/general.spec.ts:73:23

    Pending operations:
      - expect.not.toHaveAttribute at src/test/ts/e2e/utils/utils.ts:228:41


    attachment #1: video (video/webm) ──────────────────────────────────────────────────────────────
    target/playwright-reports/src-test-ts-e2e-general-badges-status-chromium/video.webm
    ────────────────────────────────────────────────────────────────────────────────────────────────

    attachment #2: trace (application/zip) ─────────────────────────────────────────────────────────
    target/playwright-reports/src-test-ts-e2e-general-badges-status-chromium/trace.zip
    Usage:

        yarn playwright show-trace target/playwright-reports/src-test-ts-e2e-general-badges-status-chromium/trace.zip

    ────────────────────────────────────────────────────────────────────────────────────────────────
]]>
</failure>
<system-out>
<![CDATA[
[[ATTACHMENT|target/playwright-reports/src-test-ts-e2e-general-badges-status-chromium/video.webm]]

[[ATTACHMENT|target/playwright-reports/src-test-ts-e2e-general-badges-status-chromium/trace.zip]]
]]>
</system-out>
</testcase>
<testcase name="badges hierarchy status [chromium]" classname="src/test/ts/e2e/general.spec.ts" time="3.387">
</testcase>
<testcase name="elements in progress [chromium]" classname="src/test/ts/e2e/general.spec.ts" time="7.364">
</testcase>
<testcase name="using locale en-US › metadata no-wrap with locale en-US [src/test/ts/e2e/general.spec.ts]" classname="src/test/ts/e2e/general.spec.ts" time="3.98">
</testcase>
<testcase name="using locale fr-FR › metadata no-wrap with locale fr-FR [src/test/ts/e2e/general.spec.ts]" classname="src/test/ts/e2e/general.spec.ts" time="8.227">
</testcase>
<testcase name="text wrap [chromium]" classname="src/test/ts/e2e/general.spec.ts" time="7.904">
</testcase>
<testcase name="text whitespace preserved [chromium]" classname="src/test/ts/e2e/general.spec.ts" time="6.898">
</testcase>
<testcase name="clickable links on logs [chromium]" classname="src/test/ts/e2e/general.spec.ts" time="16.83">
</testcase>
<testcase name="clickable links on search [chromium]" classname="src/test/ts/e2e/general.spec.ts" time="11.521">
</testcase>
<testcase name="build is waiting for input [chromium]" classname="src/test/ts/e2e/general.spec.ts" time="8.199">
</testcase>
<testcase name="expand/condense view [chromium]" classname="src/test/ts/e2e/general.spec.ts" time="30.001">
<failure message="general.spec.ts:347:5 expand/condense view [chromium]" type="FAILURE">
<![CDATA[  [chromium] › src/test/ts/e2e/general.spec.ts:347:5 › expand/condense view [chromium] ─────────────

    Test timeout of 30000ms exceeded.

    Pending operations:
      - expect.toBeInViewport at src/test/ts/e2e/general.spec.ts:367:7


    attachment #1: video (video/webm) ──────────────────────────────────────────────────────────────
    target/playwright-reports/src-test-ts-e2e-general-expand-condense-view-chromium/video.webm
    ────────────────────────────────────────────────────────────────────────────────────────────────

    attachment #2: video (video/webm) ──────────────────────────────────────────────────────────────
    target/playwright-reports/src-test-ts-e2e-general-expand-condense-view-chromium/video-1.webm
    ────────────────────────────────────────────────────────────────────────────────────────────────

    attachment #3: trace (application/zip) ─────────────────────────────────────────────────────────
    target/playwright-reports/src-test-ts-e2e-general-expand-condense-view-chromium/trace.zip
    Usage:

        yarn playwright show-trace target/playwright-reports/src-test-ts-e2e-general-expand-condense-view-chromium/trace.zip

    ────────────────────────────────────────────────────────────────────────────────────────────────
]]>
</failure>
<system-out>
<![CDATA[
[[ATTACHMENT|target/playwright-reports/src-test-ts-e2e-general-expand-condense-view-chromium/video.webm]]

[[ATTACHMENT|target/playwright-reports/src-test-ts-e2e-general-expand-condense-view-chromium/video-1.webm]]

[[ATTACHMENT|target/playwright-reports/src-test-ts-e2e-general-expand-condense-view-chromium/trace.zip]]
]]>
</system-out>
</testcase>
<testcase name="historical builds menu [chromium]" classname="src/test/ts/e2e/general.spec.ts" time="30">
<failure message="general.spec.ts:371:5 historical builds menu [chromium]" type="FAILURE">
<![CDATA[  [chromium] › src/test/ts/e2e/general.spec.ts:371:5 › historical builds menu [chromium] ───────────

    Test timeout of 30000ms exceeded.

    Error: locator.click: Target closed
    =========================== logs ===========================
    waiting for getByTestId('historical-builds-button')
    ============================================================

      421 |   await response;
      422 |
    > 423 |   await buildsMenuButton.click();
          |                          ^
      424 |   await buildsResponse;
      425 |   await expect(viewPreviousBuild).not.toHaveAttribute('disabled', '');
      426 |   await expect(viewPreviousSuccessfulBuild).not.toHaveAttribute('disabled', '');

        at /src/jenkins/plugins/cloudbees-console-log-viewer/src/test/ts/e2e/general.spec.ts:423:26

    Pending operations:
      - page.goto at src/test/ts/e2e/general.spec.ts:404:14


    attachment #1: video (video/webm) ──────────────────────────────────────────────────────────────
    target/playwright-reports/src-test-ts-e2e-general-historical-builds-menu-chromium/video.webm
    ────────────────────────────────────────────────────────────────────────────────────────────────

    attachment #2: trace (application/zip) ─────────────────────────────────────────────────────────
    target/playwright-reports/src-test-ts-e2e-general-historical-builds-menu-chromium/trace.zip
    Usage:

        yarn playwright show-trace target/playwright-reports/src-test-ts-e2e-general-historical-builds-menu-chromium/trace.zip

    ────────────────────────────────────────────────────────────────────────────────────────────────
]]>
</failure>
<system-out>
<![CDATA[
[[ATTACHMENT|target/playwright-reports/src-test-ts-e2e-general-historical-builds-menu-chromium/video.webm]]

[[ATTACHMENT|target/playwright-reports/src-test-ts-e2e-general-historical-builds-menu-chromium/trace.zip]]
]]>
</system-out>
</testcase>
</testsuite>
<testsuite name="src/test/ts/e2e/leftmenu.spec.ts" timestamp="2023-09-27T10:31:54.280Z" hostname="chromium" tests="9" failures="7" skipped="0" time="227.628" errors="0">
<testcase name="drawer favorites test - tree [chromium]" classname="src/test/ts/e2e/leftmenu.spec.ts" time="30">
<failure message="leftmenu.spec.ts:26:5 drawer favorites test - tree [chromium]" type="FAILURE">
<![CDATA[  [chromium] › src/test/ts/e2e/leftmenu.spec.ts:26:5 › drawer favorites test - tree [chromium] ─────

    Test timeout of 30000ms exceeded.

    Error: expect(received).toHaveAttribute(expected)

    Expected string: "true"
    Received string: ""
    Call log:
      - expect.toHaveAttribute with timeout 5000ms
      - waiting for getByTestId('drawer')


      36 |
      37 |   const drawer = page.getByTestId('drawer');
    > 38 |   await expect(drawer).toHaveAttribute('data-open', 'true');
         |                        ^
      39 |   await expect(drawer).toHaveAttribute('data-selected', DrawerType.Tree);
      40 |   const favorite = page.getByTestId('favorite-tab');
      41 |   await expect(favorite).toHaveAttribute('data-value', 'true');

        at /src/jenkins/plugins/cloudbees-console-log-viewer/src/test/ts/e2e/leftmenu.spec.ts:38:24

    Pending operations:
      - page.goto at src/test/ts/e2e/leftmenu.spec.ts:34:14


    attachment #1: video (video/webm) ──────────────────────────────────────────────────────────────
    target/playwright-reports/src-test-ts-e2e-leftmenu-drawer-favorites-test---tree-chromium/video.webm
    ────────────────────────────────────────────────────────────────────────────────────────────────

    attachment #2: trace (application/zip) ─────────────────────────────────────────────────────────
    target/playwright-reports/src-test-ts-e2e-leftmenu-drawer-favorites-test---tree-chromium/trace.zip
    Usage:

        yarn playwright show-trace target/playwright-reports/src-test-ts-e2e-leftmenu-drawer-favorites-test---tree-chromium/trace.zip

    ────────────────────────────────────────────────────────────────────────────────────────────────
]]>
</failure>
<system-out>
<![CDATA[
[[ATTACHMENT|target/playwright-reports/src-test-ts-e2e-leftmenu-drawer-favorites-test---tree-chromium/video.webm]]

[[ATTACHMENT|target/playwright-reports/src-test-ts-e2e-leftmenu-drawer-favorites-test---tree-chromium/trace.zip]]
]]>
</system-out>
</testcase>
<testcase name="drawer favorites test - empty [chromium]" classname="src/test/ts/e2e/leftmenu.spec.ts" time="30.026">
<failure message="leftmenu.spec.ts:47:5 drawer favorites test - empty [chromium]" type="FAILURE">
<![CDATA[  [chromium] › src/test/ts/e2e/leftmenu.spec.ts:47:5 › drawer favorites test - empty [chromium] ────

    Test timeout of 30000ms exceeded.

    Pending operations:
      - page.goto at src/test/ts/e2e/leftmenu.spec.ts:55:14


    attachment #1: video (video/webm) ──────────────────────────────────────────────────────────────
    target/playwright-reports/src-test-ts-e2e-leftmenu-drawer-favorites-test---empty-chromium/video.webm
    ────────────────────────────────────────────────────────────────────────────────────────────────

    attachment #2: trace (application/zip) ─────────────────────────────────────────────────────────
    target/playwright-reports/src-test-ts-e2e-leftmenu-drawer-favorites-test---empty-chromium/trace.zip
    Usage:

        yarn playwright show-trace target/playwright-reports/src-test-ts-e2e-leftmenu-drawer-favorites-test---empty-chromium/trace.zip

    ────────────────────────────────────────────────────────────────────────────────────────────────
]]>
</failure>
<system-out>
<![CDATA[
[[ATTACHMENT|target/playwright-reports/src-test-ts-e2e-leftmenu-drawer-favorites-test---empty-chromium/video.webm]]

[[ATTACHMENT|target/playwright-reports/src-test-ts-e2e-leftmenu-drawer-favorites-test---empty-chromium/trace.zip]]
]]>
</system-out>
</testcase>
<testcase name="leftmenu and drawers on log view [chromium]" classname="src/test/ts/e2e/leftmenu.spec.ts" time="30">
<failure message="leftmenu.spec.ts:63:5 leftmenu and drawers on log view [chromium]" type="FAILURE">
<![CDATA[  [chromium] › src/test/ts/e2e/leftmenu.spec.ts:63:5 › leftmenu and drawers on log view [chromium] ─

    Test timeout of 30000ms exceeded.

    Error: expect.toBeInViewport: Target page, context or browser has been closed

      107 |
      108 |   await collapseExpandTreeDrawer.click();
    > 109 |   await expect(leftMenu).toBeInViewport();
          |                          ^
      110 |   await expect(drawer).toHaveAttribute('data-open', 'false');
      111 |   await expect(drawer).toHaveAttribute('data-selected', '');
      112 |   // scenario 3: expand tree view with expanded user preferences then test ESCAPE closing one at a time

        at /src/jenkins/plugins/cloudbees-console-log-viewer/src/test/ts/e2e/leftmenu.spec.ts:109:26

    Pending operations:
      - expect.toBeInViewport at src/test/ts/e2e/leftmenu.spec.ts:104:26


    attachment #1: video (video/webm) ──────────────────────────────────────────────────────────────
    target/playwright-reports/src-test-ts-e2e-leftmenu-leftmenu-and-drawers-on-log-view-chromium/video.webm
    ────────────────────────────────────────────────────────────────────────────────────────────────

    attachment #2: trace (application/zip) ─────────────────────────────────────────────────────────
    target/playwright-reports/src-test-ts-e2e-leftmenu-leftmenu-and-drawers-on-log-view-chromium/trace.zip
    Usage:

        yarn playwright show-trace target/playwright-reports/src-test-ts-e2e-leftmenu-leftmenu-and-drawers-on-log-view-chromium/trace.zip

    ────────────────────────────────────────────────────────────────────────────────────────────────
]]>
</failure>
<system-out>
<![CDATA[
[[ATTACHMENT|target/playwright-reports/src-test-ts-e2e-leftmenu-leftmenu-and-drawers-on-log-view-chromium/video.webm]]

[[ATTACHMENT|target/playwright-reports/src-test-ts-e2e-leftmenu-leftmenu-and-drawers-on-log-view-chromium/trace.zip]]
]]>
</system-out>
</testcase>
<testcase name="leftmenu and drawers on search view [chromium]" classname="src/test/ts/e2e/leftmenu.spec.ts" time="14.346">
</testcase>
<testcase name="leftmenu and drawers back and forth [chromium]" classname="src/test/ts/e2e/leftmenu.spec.ts" time="29.999">
<failure message="leftmenu.spec.ts:155:5 leftmenu and drawers back and forth [chromium]" type="FAILURE">
<![CDATA[  [chromium] › src/test/ts/e2e/leftmenu.spec.ts:155:5 › leftmenu and drawers back and forth [chromium] 

    Test timeout of 30000ms exceeded.

    Error: expect(received).toHaveAttribute(expected)

    Expected string: ""
    Received string: serializes to the same string
    Call log:
      - expect.toHaveAttribute with timeout 5000ms
      - waiting for getByTestId('drawer')


      202 |
      203 |   await expect(drawer).toHaveAttribute('data-open', 'false');
    > 204 |   await expect(drawer).toHaveAttribute('data-selected', '');
          |                        ^
      205 |   await expect(drawer).not.toBeVisible();
      206 |   await expect(split).not.toBeVisible();
      207 |

        at /src/jenkins/plugins/cloudbees-console-log-viewer/src/test/ts/e2e/leftmenu.spec.ts:204:24

    Pending operations:
      - expect.toHaveAttribute at src/test/ts/e2e/leftmenu.spec.ts:189:24


    attachment #1: video (video/webm) ──────────────────────────────────────────────────────────────
    target/playwright-reports/src-test-ts-e2e-leftmenu-leftmenu-and-drawers-back-and-forth-chromium/video.webm
    ────────────────────────────────────────────────────────────────────────────────────────────────

    attachment #2: trace (application/zip) ─────────────────────────────────────────────────────────
    target/playwright-reports/src-test-ts-e2e-leftmenu-leftmenu-and-drawers-back-and-forth-chromium/trace.zip
    Usage:

        yarn playwright show-trace target/playwright-reports/src-test-ts-e2e-leftmenu-leftmenu-and-drawers-back-and-forth-chromium/trace.zip

    ────────────────────────────────────────────────────────────────────────────────────────────────
]]>
</failure>
<system-out>
<![CDATA[
[[ATTACHMENT|target/playwright-reports/src-test-ts-e2e-leftmenu-leftmenu-and-drawers-back-and-forth-chromium/video.webm]]

[[ATTACHMENT|target/playwright-reports/src-test-ts-e2e-leftmenu-leftmenu-and-drawers-back-and-forth-chromium/trace.zip]]
]]>
</system-out>
</testcase>
<testcase name="issue explorer [chromium]" classname="src/test/ts/e2e/leftmenu.spec.ts" time="5.097">
</testcase>
<testcase name="treeview filters on log view [chromium]" classname="src/test/ts/e2e/leftmenu.spec.ts" time="30.003">
<failure message="leftmenu.spec.ts:254:5 treeview filters on log view [chromium]" type="FAILURE">
<![CDATA[  [chromium] › src/test/ts/e2e/leftmenu.spec.ts:254:5 › treeview filters on log view [chromium] ────

    Test timeout of 30000ms exceeded.

    Error: page.goto: Page closed
    =========================== logs ===========================
    navigating to "http://localhost:1234/?filter=418", waiting until "load"
    ============================================================

      292 |   filterId = await getTreeNodeId(page, 'Deeply Nested Level 01');
      293 |   // using a filter will expand the treeview
    > 294 |   await page.goto(`/?filter=${filterId}`);
          |              ^
      295 |   await expect(drawer).toHaveAttribute('data-open', 'true');
      296 |   // change collapse mode to expand all
      297 |   await treeViewCollapsingModeButton.click();

        at /src/jenkins/plugins/cloudbees-console-log-viewer/src/test/ts/e2e/leftmenu.spec.ts:294:14

    Pending operations:
      - locator.click at src/test/ts/e2e/leftmenu.spec.ts:289:32


    attachment #1: video (video/webm) ──────────────────────────────────────────────────────────────
    target/playwright-reports/src-test-ts-e2e-leftmenu-treeview-filters-on-log-view-chromium/video.webm
    ────────────────────────────────────────────────────────────────────────────────────────────────

    attachment #2: trace (application/zip) ─────────────────────────────────────────────────────────
    target/playwright-reports/src-test-ts-e2e-leftmenu-treeview-filters-on-log-view-chromium/trace.zip
    Usage:

        yarn playwright show-trace target/playwright-reports/src-test-ts-e2e-leftmenu-treeview-filters-on-log-view-chromium/trace.zip

    ────────────────────────────────────────────────────────────────────────────────────────────────
]]>
</failure>
<system-out>
<![CDATA[
[[ATTACHMENT|target/playwright-reports/src-test-ts-e2e-leftmenu-treeview-filters-on-log-view-chromium/video.webm]]

[[ATTACHMENT|target/playwright-reports/src-test-ts-e2e-leftmenu-treeview-filters-on-log-view-chromium/trace.zip]]
]]>
</system-out>
</testcase>
<testcase name="treeview collapsing modes [chromium]" classname="src/test/ts/e2e/leftmenu.spec.ts" time="30">
<failure message="leftmenu.spec.ts:357:5 treeview collapsing modes [chromium]" type="FAILURE">
<![CDATA[  [chromium] › src/test/ts/e2e/leftmenu.spec.ts:357:5 › treeview collapsing modes [chromium] ───────

    Test timeout of 30000ms exceeded.

    Error: page.waitForResponse: Page closed
    =========================== logs ===========================
    waiting for response "**/details?filter=2&line=-1"
    ============================================================

      629 |
      630 |   // select another filter, check tree state has changed
    > 631 |   response = page.waitForResponse('**/details?filter=2&line=-1');
          |                   ^
      632 |   await page.getByTestId('treeitem2').click();
      633 |   await response;
      634 |   await expect(expandAllMenuItem).not.toHaveAttribute('selected', '');

        at /src/jenkins/plugins/cloudbees-console-log-viewer/src/test/ts/e2e/leftmenu.spec.ts:631:19

    Pending operations:
      - expect.toBeInViewport at src/test/ts/e2e/leftmenu.spec.ts:588:47


    attachment #1: video (video/webm) ──────────────────────────────────────────────────────────────
    target/playwright-reports/src-test-ts-e2e-leftmenu-treeview-collapsing-modes-chromium/video.webm
    ────────────────────────────────────────────────────────────────────────────────────────────────

    attachment #2: trace (application/zip) ─────────────────────────────────────────────────────────
    target/playwright-reports/src-test-ts-e2e-leftmenu-treeview-collapsing-modes-chromium/trace.zip
    Usage:

        yarn playwright show-trace target/playwright-reports/src-test-ts-e2e-leftmenu-treeview-collapsing-modes-chromium/trace.zip

    ────────────────────────────────────────────────────────────────────────────────────────────────
]]>
</failure>
<system-out>
<![CDATA[
[[ATTACHMENT|target/playwright-reports/src-test-ts-e2e-leftmenu-treeview-collapsing-modes-chromium/video.webm]]

[[ATTACHMENT|target/playwright-reports/src-test-ts-e2e-leftmenu-treeview-collapsing-modes-chromium/trace.zip]]
]]>
</system-out>
</testcase>
<testcase name="search stage name [chromium]" classname="src/test/ts/e2e/leftmenu.spec.ts" time="28.157">
<failure message="leftmenu.spec.ts:668:5 search stage name [chromium]" type="FAILURE">
<![CDATA[  [chromium] › src/test/ts/e2e/leftmenu.spec.ts:668:5 › search stage name [chromium] ───────────────

    Error: Timed out 5000ms waiting for expect(received).not.toBeInViewport()
    Call log:
      - expect.not.toBeInViewport with timeout 5000ms
      - waiting for getByTestId('tree-filter-search-results')
      -   locator resolved to <mwc-menu x="6" y="30" absolute="" activatable="true" defa…>…</mwc-menu>
      -   unexpected value "viewport ratio 1"
      -   locator resolved to <mwc-menu x="6" y="30" absolute="" activatable="true" defa…>…</mwc-menu>
      -   unexpected value "viewport ratio 1"
      -   locator resolved to <mwc-menu x="6" y="30" absolute="" activatable="true" defa…>…</mwc-menu>
      -   unexpected value "viewport ratio 1"
      -   locator resolved to <mwc-menu x="6" y="30" absolute="" activatable="true" defa…>…</mwc-menu>
      -   unexpected value "viewport ratio 1"
      -   locator resolved to <mwc-menu x="6" y="30" absolute="" activatable="true" defa…>…</mwc-menu>
      -   unexpected value "viewport ratio 1"
      -   locator resolved to <mwc-menu x="6" y="30" absolute="" activatable="true" defa…>…</mwc-menu>
      -   unexpected value "viewport ratio 1"
      -   locator resolved to <mwc-menu x="6" y="30" absolute="" activatable="true" defa…>…</mwc-menu>
      -   unexpected value "viewport ratio 1"
      -   locator resolved to <mwc-menu x="6" y="30" absolute="" activatable="true" defa…>…</mwc-menu>
      -   unexpected value "viewport ratio 1"


      682 |
      683 |   // expect all stages are found
    > 684 |   await expect(searchResults).not.toBeInViewport();
          |                                   ^
      685 |   await searchInput.click();
      686 |   await expect(searchInput).toBeFocused();
      687 |   await expect(searchResults).toBeInViewport();

        at /src/jenkins/plugins/cloudbees-console-log-viewer/src/test/ts/e2e/leftmenu.spec.ts:684:35

    attachment #1: video (video/webm) ──────────────────────────────────────────────────────────────
    target/playwright-reports/src-test-ts-e2e-leftmenu-search-stage-name-chromium/video.webm
    ────────────────────────────────────────────────────────────────────────────────────────────────

    attachment #2: trace (application/zip) ─────────────────────────────────────────────────────────
    target/playwright-reports/src-test-ts-e2e-leftmenu-search-stage-name-chromium/trace.zip
    Usage:

        yarn playwright show-trace target/playwright-reports/src-test-ts-e2e-leftmenu-search-stage-name-chromium/trace.zip

    ────────────────────────────────────────────────────────────────────────────────────────────────
]]>
</failure>
<system-out>
<![CDATA[
[[ATTACHMENT|target/playwright-reports/src-test-ts-e2e-leftmenu-search-stage-name-chromium/video.webm]]

[[ATTACHMENT|target/playwright-reports/src-test-ts-e2e-leftmenu-search-stage-name-chromium/trace.zip]]
]]>
</system-out>
</testcase>
</testsuite>
<testsuite name="src/test/ts/e2e/logs.spec.ts" timestamp="2023-09-27T10:31:54.280Z" hostname="chromium" tests="18" failures="11" skipped="0" time="417.367" errors="0">
<testcase name="default last line loaded [chromium]" classname="src/test/ts/e2e/logs.spec.ts" time="28.492">
</testcase>
<testcase name="specific last line loaded [chromium]" classname="src/test/ts/e2e/logs.spec.ts" time="17.831">
</testcase>
<testcase name="specific first line of a page loaded [chromium]" classname="src/test/ts/e2e/logs.spec.ts" time="18.45">
</testcase>
<testcase name="specific last line of a page loaded [chromium]" classname="src/test/ts/e2e/logs.spec.ts" time="14.298">
</testcase>
<testcase name="select multiple lines - mouse - url copy [chromium]" classname="src/test/ts/e2e/logs.spec.ts" time="16.23">
<failure message="logs.spec.ts:121:5 select multiple lines - mouse - url copy [chromium]" type="FAILURE">
<![CDATA[  [chromium] › src/test/ts/e2e/logs.spec.ts:121:5 › select multiple lines - mouse - url copy [chromium] 

    Error: Timed out 5000ms waiting for expect(received).toHaveAttribute(expected)

    Expected string: "true"
    Received string: "false"
    Call log:
      - expect.toHaveAttribute with timeout 5000ms
      - waiting for locator('#log-display').getByTestId('log-line-160')
      -   locator resolved to <tr id="log-line-160" data-log-idx="60" data-selecte…>…</tr>
      -   unexpected value "false"
      -   locator resolved to <tr id="log-line-160" data-log-idx="60" data-selecte…>…</tr>
      -   unexpected value "false"
      -   locator resolved to <tr id="log-line-160" data-log-idx="60" data-selecte…>…</tr>
      -   unexpected value "false"
      -   locator resolved to <tr id="log-line-160" data-log-idx="60" data-selecte…>…</tr>
      -   unexpected value "false"
      -   locator resolved to <tr id="log-line-160" data-log-idx="60" data-selecte…>…</tr>
      -   unexpected value "false"
      -   locator resolved to <tr id="log-line-160" data-log-idx="60" data-selecte…>…</tr>
      -   unexpected value "false"
      -   locator resolved to <tr id="log-line-160" data-log-idx="60" data-selecte…>…</tr>
      -   unexpected value "false"
      -   locator resolved to <tr id="log-line-160" data-log-idx="60" data-selecte…>…</tr>
      -   unexpected value "false"


      133 |   // see if a line in the range is marked
      134 |   let validate = locateLine(page, specificLine + 10);
    > 135 |   await expect(validate).toHaveAttribute('data-selected', 'true');
          |                          ^
      136 |   await expect(page.url()).toContain(
      137 |     `#line-${specificLine}-${specificLine + 20}`,
      138 |   );

        at /src/jenkins/plugins/cloudbees-console-log-viewer/src/test/ts/e2e/logs.spec.ts:135:26

    attachment #1: video (video/webm) ──────────────────────────────────────────────────────────────
    target/playwright-reports/src-test-ts-e2e-logs-select-multiple-lines---mouse---url-copy-chromium/video.webm
    ────────────────────────────────────────────────────────────────────────────────────────────────

    attachment #2: trace (application/zip) ─────────────────────────────────────────────────────────
    target/playwright-reports/src-test-ts-e2e-logs-select-multiple-lines---mouse---url-copy-chromium/trace.zip
    Usage:

        yarn playwright show-trace target/playwright-reports/src-test-ts-e2e-logs-select-multiple-lines---mouse---url-copy-chromium/trace.zip

    ────────────────────────────────────────────────────────────────────────────────────────────────
]]>
</failure>
<system-out>
<![CDATA[
[[ATTACHMENT|target/playwright-reports/src-test-ts-e2e-logs-select-multiple-lines---mouse---url-copy-chromium/video.webm]]

[[ATTACHMENT|target/playwright-reports/src-test-ts-e2e-logs-select-multiple-lines---mouse---url-copy-chromium/trace.zip]]
]]>
</system-out>
</testcase>
<testcase name="select multiple lines - mouse - content copy [chromium]" classname="src/test/ts/e2e/logs.spec.ts" time="15.814">
<failure message="logs.spec.ts:164:5 select multiple lines - mouse - content copy [chromium]" type="FAILURE">
<![CDATA[  [chromium] › src/test/ts/e2e/logs.spec.ts:164:5 › select multiple lines - mouse - content copy [chromium] 

    Error: Timed out 5000ms waiting for expect(received).toHaveAttribute(expected)

    Expected string: "true"
    Received string: "false"
    Call log:
      - expect.toHaveAttribute with timeout 5000ms
      - waiting for locator('#log-display').getByTestId('log-line-151')
      -   locator resolved to <tr id="log-line-151" data-log-idx="51" data-selecte…>…</tr>
      -   unexpected value "false"
      -   locator resolved to <tr id="log-line-151" data-log-idx="51" data-selecte…>…</tr>
      -   unexpected value "false"
      -   locator resolved to <tr id="log-line-151" data-log-idx="51" data-selecte…>…</tr>
      -   unexpected value "false"
      -   locator resolved to <tr id="log-line-151" data-log-idx="51" data-selecte…>…</tr>
      -   unexpected value "false"
      -   locator resolved to <tr id="log-line-151" data-log-idx="51" data-selecte…>…</tr>
      -   unexpected value "false"
      -   locator resolved to <tr id="log-line-151" data-log-idx="51" data-selecte…>…</tr>
      -   unexpected value "false"
      -   locator resolved to <tr id="log-line-151" data-log-idx="51" data-selecte…>…</tr>
      -   unexpected value "false"
      -   locator resolved to <tr id="log-line-151" data-log-idx="51" data-selecte…>…</tr>
      -   unexpected value "false"


      177 |   // see if a line in the range is marked
      178 |   const validate = locateLine(page, specificLine + 1);
    > 179 |   await expect(validate).toHaveAttribute('data-selected', 'true');
          |                          ^
      180 |   // Only chrome support the following
      181 |   if (browserName === 'chromium') {
      182 |     await validate.hover();

        at /src/jenkins/plugins/cloudbees-console-log-viewer/src/test/ts/e2e/logs.spec.ts:179:26

    attachment #1: video (video/webm) ──────────────────────────────────────────────────────────────
    target/playwright-reports/src-test-ts-e2e-logs-select-multiple-lines---mouse---content-copy-chromium/video.webm
    ────────────────────────────────────────────────────────────────────────────────────────────────

    attachment #2: trace (application/zip) ─────────────────────────────────────────────────────────
    target/playwright-reports/src-test-ts-e2e-logs-select-multiple-lines---mouse---content-copy-chromium/trace.zip
    Usage:

        yarn playwright show-trace target/playwright-reports/src-test-ts-e2e-logs-select-multiple-lines---mouse---content-copy-chromium/trace.zip

    ────────────────────────────────────────────────────────────────────────────────────────────────
]]>
</failure>
<system-out>
<![CDATA[
[[ATTACHMENT|target/playwright-reports/src-test-ts-e2e-logs-select-multiple-lines---mouse---content-copy-chromium/video.webm]]

[[ATTACHMENT|target/playwright-reports/src-test-ts-e2e-logs-select-multiple-lines---mouse---content-copy-chromium/trace.zip]]
]]>
</system-out>
</testcase>
<testcase name="select empty line [chromium]" classname="src/test/ts/e2e/logs.spec.ts" time="3.945">
</testcase>
<testcase name="select line [chromium]" classname="src/test/ts/e2e/logs.spec.ts" time="20.679">
<failure message="logs.spec.ts:236:5 select line [chromium]" type="FAILURE">
<![CDATA[  [chromium] › src/test/ts/e2e/logs.spec.ts:236:5 › select line [chromium] ─────────────────────────

    Error: Timed out 5000ms waiting for expect(received).toBeInViewport()
    Call log:
      - expect.toBeInViewport with timeout 5000ms
      - waiting for locator('#log-display').getByTestId('log-line-150')
      -   locator resolved to <tr id="log-line-150" data-log-idx="150" data-select…>…</tr>
      -   unexpected value "viewport ratio 0"
      -   locator resolved to <tr id="log-line-150" data-log-idx="150" data-select…>…</tr>
      -   unexpected value "viewport ratio 0"
      -   locator resolved to <tr id="log-line-150" data-log-idx="150" data-select…>…</tr>
      -   unexpected value "viewport ratio 0"
      -   locator resolved to <tr id="log-line-150" data-log-idx="150" data-select…>…</tr>
      -   unexpected value "viewport ratio 0"
      -   locator resolved to <tr id="log-line-150" data-log-idx="150" data-select…>…</tr>
      -   unexpected value "viewport ratio 0"
      -   locator resolved to <tr id="log-line-150" data-log-idx="150" data-select…>…</tr>
      -   unexpected value "viewport ratio 0"
      -   locator resolved to <tr id="log-line-150" data-log-idx="150" data-select…>…</tr>
      -   unexpected value "viewport ratio 0"
      -   locator resolved to <tr id="log-line-150" data-log-idx="150" data-select…>…</tr>
      -   unexpected value "viewport ratio 0"


      243 |
      244 |   const selectedLine = locateLine(page, specificLine);
    > 245 |   await expect(selectedLine).toBeInViewport();
          |                              ^
      246 |
      247 |   const requests = [];
      248 |   page.on('request', data => {

        at /src/jenkins/plugins/cloudbees-console-log-viewer/src/test/ts/e2e/logs.spec.ts:245:30

    attachment #1: video (video/webm) ──────────────────────────────────────────────────────────────
    target/playwright-reports/src-test-ts-e2e-logs-select-line-chromium/video.webm
    ────────────────────────────────────────────────────────────────────────────────────────────────

    attachment #2: trace (application/zip) ─────────────────────────────────────────────────────────
    target/playwright-reports/src-test-ts-e2e-logs-select-line-chromium/trace.zip
    Usage:

        yarn playwright show-trace target/playwright-reports/src-test-ts-e2e-logs-select-line-chromium/trace.zip

    ────────────────────────────────────────────────────────────────────────────────────────────────
]]>
</failure>
<system-out>
<![CDATA[
[[ATTACHMENT|target/playwright-reports/src-test-ts-e2e-logs-select-line-chromium/video.webm]]

[[ATTACHMENT|target/playwright-reports/src-test-ts-e2e-logs-select-line-chromium/trace.zip]]
]]>
</system-out>
</testcase>
<testcase name="instant scroll to next page [chromium]" classname="src/test/ts/e2e/logs.spec.ts" time="16.703">
</testcase>
<testcase name="smooth scroll to next page [chromium]" classname="src/test/ts/e2e/logs.spec.ts" time="30.001">
<failure message="logs.spec.ts:281:7 smooth scroll to next page [chromium]" type="FAILURE">
<![CDATA[  [chromium] › src/test/ts/e2e/logs.spec.ts:281:7 › smooth scroll to next page [chromium] ──────────

    Test timeout of 30000ms exceeded.

    Pending operations:
      - locator.isVisible at src/test/ts/e2e/utils/utils.ts:101:38


    attachment #1: video (video/webm) ──────────────────────────────────────────────────────────────
    target/playwright-reports/src-test-ts-e2e-logs-smooth-scroll-to-next-page-chromium/video.webm
    ────────────────────────────────────────────────────────────────────────────────────────────────

    attachment #2: trace (application/zip) ─────────────────────────────────────────────────────────
    target/playwright-reports/src-test-ts-e2e-logs-smooth-scroll-to-next-page-chromium/trace.zip
    Usage:

        yarn playwright show-trace target/playwright-reports/src-test-ts-e2e-logs-smooth-scroll-to-next-page-chromium/trace.zip

    ────────────────────────────────────────────────────────────────────────────────────────────────
]]>
</failure>
<system-out>
<![CDATA[
[[ATTACHMENT|target/playwright-reports/src-test-ts-e2e-logs-smooth-scroll-to-next-page-chromium/video.webm]]

[[ATTACHMENT|target/playwright-reports/src-test-ts-e2e-logs-smooth-scroll-to-next-page-chromium/trace.zip]]
]]>
</system-out>
</testcase>
<testcase name="instant scroll to previous page [chromium]" classname="src/test/ts/e2e/logs.spec.ts" time="30">
<failure message="logs.spec.ts:312:7 instant scroll to previous page [chromium]" type="FAILURE">
<![CDATA[  [chromium] › src/test/ts/e2e/logs.spec.ts:312:7 › instant scroll to previous page [chromium] ─────

    Test timeout of 30000ms exceeded.

    Error: page.waitForResponse: Page closed
    =========================== logs ===========================
    waiting for response "**/logs?page=1"
    ============================================================

      328 |     await expect(locateLines(page)).toHaveCount(perPage);
      329 |
    > 330 |     response = page.waitForResponse('**/logs?page=1');
          |                     ^
      331 |     // specific scroll
      332 |     await args.func(page, perPage + 1 + args.offset);
      333 |

        at /src/jenkins/plugins/cloudbees-console-log-viewer/src/test/ts/e2e/logs.spec.ts:330:21

    Pending operations:
      - expect.not.toHaveAttribute at src/test/ts/e2e/utils/utils.ts:228:41


    attachment #1: video (video/webm) ──────────────────────────────────────────────────────────────
    target/playwright-reports/src-test-ts-e2e-logs-instant-scroll-to-previous-page-chromium/video.webm
    ────────────────────────────────────────────────────────────────────────────────────────────────

    attachment #2: trace (application/zip) ─────────────────────────────────────────────────────────
    target/playwright-reports/src-test-ts-e2e-logs-instant-scroll-to-previous-page-chromium/trace.zip
    Usage:

        yarn playwright show-trace target/playwright-reports/src-test-ts-e2e-logs-instant-scroll-to-previous-page-chromium/trace.zip

    ────────────────────────────────────────────────────────────────────────────────────────────────
]]>
</failure>
<system-out>
<![CDATA[
[[ATTACHMENT|target/playwright-reports/src-test-ts-e2e-logs-instant-scroll-to-previous-page-chromium/video.webm]]

[[ATTACHMENT|target/playwright-reports/src-test-ts-e2e-logs-instant-scroll-to-previous-page-chromium/trace.zip]]
]]>
</system-out>
</testcase>
<testcase name="smooth scroll to previous page [chromium]" classname="src/test/ts/e2e/logs.spec.ts" time="30.042">
<failure message="logs.spec.ts:312:7 smooth scroll to previous page [chromium]" type="FAILURE">
<![CDATA[  [chromium] › src/test/ts/e2e/logs.spec.ts:312:7 › smooth scroll to previous page [chromium] ──────

    Test timeout of 30000ms exceeded.

    Error: locator.evaluate: Target page, context or browser has been closed

       at src/test/ts/e2e/utils/utils.ts:126

      124 |
      125 | async function _scrollTo(page: Page, scroll: number, search = false) {
    > 126 |   await locateDisplay(page, search).evaluate(async (e, scrollBy) => {
          |                                     ^
      127 |     // execute scrollBy once
      128 |     e.scrollBy(0, scrollBy);
      129 |

        at _scrollTo (/src/jenkins/plugins/cloudbees-console-log-viewer/src/test/ts/e2e/utils/utils.ts:126:37)
        at _scrollToTop (/src/jenkins/plugins/cloudbees-console-log-viewer/src/test/ts/e2e/utils/utils.ts:164:9)
        at _executeScrollBy (/src/jenkins/plugins/cloudbees-console-log-viewer/src/test/ts/e2e/utils/utils.ts:120:5)
        at Object.scrollSmoothToLineToTop (/src/jenkins/plugins/cloudbees-console-log-viewer/src/test/ts/e2e/utils/utils.ts:186:3)
        at /src/jenkins/plugins/cloudbees-console-log-viewer/src/test/ts/e2e/logs.spec.ts:332:5

    Pending operations:
      - expect.not.toHaveAttribute at src/test/ts/e2e/utils/utils.ts:228:41


    attachment #1: video (video/webm) ──────────────────────────────────────────────────────────────
    target/playwright-reports/src-test-ts-e2e-logs-smooth-scroll-to-previous-page-chromium/video.webm
    ────────────────────────────────────────────────────────────────────────────────────────────────

    attachment #2: trace (application/zip) ─────────────────────────────────────────────────────────
    target/playwright-reports/src-test-ts-e2e-logs-smooth-scroll-to-previous-page-chromium/trace.zip
    Usage:

        yarn playwright show-trace target/playwright-reports/src-test-ts-e2e-logs-smooth-scroll-to-previous-page-chromium/trace.zip

    ────────────────────────────────────────────────────────────────────────────────────────────────
]]>
</failure>
<system-out>
<![CDATA[
[[ATTACHMENT|target/playwright-reports/src-test-ts-e2e-logs-smooth-scroll-to-previous-page-chromium/video.webm]]

[[ATTACHMENT|target/playwright-reports/src-test-ts-e2e-logs-smooth-scroll-to-previous-page-chromium/trace.zip]]
]]>
</system-out>
</testcase>
<testcase name="instant scroll to pages [chromium]" classname="src/test/ts/e2e/logs.spec.ts" time="30.011">
<failure message="logs.spec.ts:343:5 instant scroll to pages [chromium]" type="FAILURE">
<![CDATA[  [chromium] › src/test/ts/e2e/logs.spec.ts:343:5 › instant scroll to pages [chromium] ─────────────

    Test timeout of 30000ms exceeded.

    Error: page.waitForResponse: Page closed
    =========================== logs ===========================
    waiting for response "**/logs?page=8"
    ============================================================

      368 |   requests.pop();
      369 |
    > 370 |   response = page.waitForResponse('**/logs?page=8');
          |                   ^
      371 |   await scrollInstantToLine(page, 7 * perPage);
      372 |   await expect(locateLines(page)).toHaveCount(expectedMaxLinesCount);
      373 |   await response;

        at /src/jenkins/plugins/cloudbees-console-log-viewer/src/test/ts/e2e/logs.spec.ts:370:19

    Pending operations:
      - expect.toHaveCount at src/test/ts/e2e/logs.spec.ts:365:35


    attachment #1: video (video/webm) ──────────────────────────────────────────────────────────────
    target/playwright-reports/src-test-ts-e2e-logs-instant-scroll-to-pages-chromium/video.webm
    ────────────────────────────────────────────────────────────────────────────────────────────────

    attachment #2: trace (application/zip) ─────────────────────────────────────────────────────────
    target/playwright-reports/src-test-ts-e2e-logs-instant-scroll-to-pages-chromium/trace.zip
    Usage:

        yarn playwright show-trace target/playwright-reports/src-test-ts-e2e-logs-instant-scroll-to-pages-chromium/trace.zip

    ────────────────────────────────────────────────────────────────────────────────────────────────
]]>
</failure>
<system-out>
<![CDATA[
[[ATTACHMENT|target/playwright-reports/src-test-ts-e2e-logs-instant-scroll-to-pages-chromium/video.webm]]

[[ATTACHMENT|target/playwright-reports/src-test-ts-e2e-logs-instant-scroll-to-pages-chromium/trace.zip]]
]]>
</system-out>
</testcase>
<testcase name="scroll to last page [chromium]" classname="src/test/ts/e2e/logs.spec.ts" time="30">
<failure message="logs.spec.ts:401:5 scroll to last page [chromium]" type="FAILURE">
<![CDATA[  [chromium] › src/test/ts/e2e/logs.spec.ts:401:5 › scroll to last page [chromium] ─────────────────

    Test timeout of 30000ms exceeded.

    Pending operations:
      - expect.toBeVisible at src/test/ts/e2e/logs.spec.ts:422:5


    attachment #1: video (video/webm) ──────────────────────────────────────────────────────────────
    target/playwright-reports/src-test-ts-e2e-logs-scroll-to-last-page-chromium/video.webm
    ────────────────────────────────────────────────────────────────────────────────────────────────

    attachment #2: trace (application/zip) ─────────────────────────────────────────────────────────
    target/playwright-reports/src-test-ts-e2e-logs-scroll-to-last-page-chromium/trace.zip
    Usage:

        yarn playwright show-trace target/playwright-reports/src-test-ts-e2e-logs-scroll-to-last-page-chromium/trace.zip

    ────────────────────────────────────────────────────────────────────────────────────────────────
]]>
</failure>
<system-out>
<![CDATA[
[[ATTACHMENT|target/playwright-reports/src-test-ts-e2e-logs-scroll-to-last-page-chromium/video.webm]]

[[ATTACHMENT|target/playwright-reports/src-test-ts-e2e-logs-scroll-to-last-page-chromium/trace.zip]]
]]>
</system-out>
</testcase>
<testcase name="access specific lines with requests [chromium]" classname="src/test/ts/e2e/logs.spec.ts" time="30">
<failure message="logs.spec.ts:425:5 access specific lines with requests [chromium]" type="FAILURE">
<![CDATA[  [chromium] › src/test/ts/e2e/logs.spec.ts:425:5 › access specific lines with requests [chromium] ─

    Test timeout of 30000ms exceeded.

    Error: expect(received).not.toHaveAttribute(expected)

    Expected string: not "scrolling"
    Received string: "scrolling"
    Call log:
      - expect.not.toHaveAttribute with timeout 5000ms
      - waiting for locator('#log-display')
      -   locator resolved to <div tabindex="0" id="log-display" data-value="scroll…>…</div>
      -   unexpected value "scrolling"


       at src/test/ts/e2e/utils/utils.ts:228

      226 | export async function assertLineScrollingDone(page: Page) {
      227 |   await delay(200);
    > 228 |   await expect(locateDisplay(page)).not.toHaveAttribute(
          |                                         ^
      229 |     'data-value',
      230 |     'scrolling',
      231 |   );

        at assertLineScrollingDone (/src/jenkins/plugins/cloudbees-console-log-viewer/src/test/ts/e2e/utils/utils.ts:228:41)
        at /src/jenkins/plugins/cloudbees-console-log-viewer/src/test/ts/e2e/logs.spec.ts:465:3

    Pending operations:
      - page.goto at src/test/ts/e2e/logs.spec.ts:462:14


    attachment #1: video (video/webm) ──────────────────────────────────────────────────────────────
    target/playwright-reports/src-test-ts-e2e-logs-access-specific-lines-with-requests-chromium/video.webm
    ────────────────────────────────────────────────────────────────────────────────────────────────

    attachment #2: trace (application/zip) ─────────────────────────────────────────────────────────
    target/playwright-reports/src-test-ts-e2e-logs-access-specific-lines-with-requests-chromium/trace.zip
    Usage:

        yarn playwright show-trace target/playwright-reports/src-test-ts-e2e-logs-access-specific-lines-with-requests-chromium/trace.zip

    ────────────────────────────────────────────────────────────────────────────────────────────────
]]>
</failure>
<system-out>
<![CDATA[
[[ATTACHMENT|target/playwright-reports/src-test-ts-e2e-logs-access-specific-lines-with-requests-chromium/video.webm]]

[[ATTACHMENT|target/playwright-reports/src-test-ts-e2e-logs-access-specific-lines-with-requests-chromium/trace.zip]]
]]>
</system-out>
</testcase>
<testcase name="access specific lines near boundaries [chromium]" classname="src/test/ts/e2e/logs.spec.ts" time="24.866">
</testcase>
<testcase name="test totals [chromium]" classname="src/test/ts/e2e/logs.spec.ts" time="30.003">
<failure message="logs.spec.ts:525:5 test totals [chromium]" type="FAILURE">
<![CDATA[  [chromium] › src/test/ts/e2e/logs.spec.ts:525:5 › test totals [chromium] ─────────────────────────

    Test timeout of 30000ms exceeded.

    Error: expect(received).toHaveText(expected)

    Expected string: "14M lines"
    Received string: ""
    Call log:
      - expect.toHaveText with timeout 5000ms
      - waiting for getByTestId('logbar-total')


      555 |   });
      556 |   await page.goto('/');
    > 557 |   await expect(page.getByTestId('logbar-total')).toHaveText('14M lines');
          |                                                  ^
      558 |   await expect(page.getByTestId('logbar-total')).toHaveAttribute(
      559 |     'title',
      560 |     '14000051 lines',

        at /src/jenkins/plugins/cloudbees-console-log-viewer/src/test/ts/e2e/logs.spec.ts:557:50

    Pending operations:
      - expect.toHaveText at src/test/ts/e2e/logs.spec.ts:557:50


    attachment #1: video (video/webm) ──────────────────────────────────────────────────────────────
    target/playwright-reports/src-test-ts-e2e-logs-test-totals-chromium/video.webm
    ────────────────────────────────────────────────────────────────────────────────────────────────

    attachment #2: trace (application/zip) ─────────────────────────────────────────────────────────
    target/playwright-reports/src-test-ts-e2e-logs-test-totals-chromium/trace.zip
    Usage:

        yarn playwright show-trace target/playwright-reports/src-test-ts-e2e-logs-test-totals-chromium/trace.zip

    ────────────────────────────────────────────────────────────────────────────────────────────────
]]>
</failure>
<system-out>
<![CDATA[
[[ATTACHMENT|target/playwright-reports/src-test-ts-e2e-logs-test-totals-chromium/video.webm]]

[[ATTACHMENT|target/playwright-reports/src-test-ts-e2e-logs-test-totals-chromium/trace.zip]]
]]>
</system-out>
</testcase>
<testcase name="log auto-polling [chromium]" classname="src/test/ts/e2e/logs.spec.ts" time="30.002">
<failure message="logs.spec.ts:576:5 log auto-polling [chromium]" type="FAILURE">
<![CDATA[  [chromium] › src/test/ts/e2e/logs.spec.ts:576:5 › log auto-polling [chromium] ────────────────────

    Test timeout of 30000ms exceeded.

    Pending operations:
      - page.reload at src/test/ts/e2e/utils/rdc-utils.ts:54:16


    Error: locator.evaluate: Target page, context or browser has been closed

      604 |
      605 |   // scroll up a few lines
    > 606 |   await locateDisplay(page).evaluate(d => {
          |                             ^
      607 |     // execute scrollBy once
      608 |     d.scrollBy(0, -80);
      609 |   });

        at /src/jenkins/plugins/cloudbees-console-log-viewer/src/test/ts/e2e/logs.spec.ts:606:29

    attachment #1: video (video/webm) ──────────────────────────────────────────────────────────────
    target/playwright-reports/src-test-ts-e2e-logs-log-auto-polling-chromium/video.webm
    ────────────────────────────────────────────────────────────────────────────────────────────────

    attachment #2: trace (application/zip) ─────────────────────────────────────────────────────────
    target/playwright-reports/src-test-ts-e2e-logs-log-auto-polling-chromium/trace.zip
    Usage:

        yarn playwright show-trace target/playwright-reports/src-test-ts-e2e-logs-log-auto-polling-chromium/trace.zip

    ────────────────────────────────────────────────────────────────────────────────────────────────
]]>
</failure>
<system-out>
<![CDATA[
[[ATTACHMENT|target/playwright-reports/src-test-ts-e2e-logs-log-auto-polling-chromium/video.webm]]

[[ATTACHMENT|target/playwright-reports/src-test-ts-e2e-logs-log-auto-polling-chromium/trace.zip]]
]]>
</system-out>
</testcase>
</testsuite>
<testsuite name="src/test/ts/e2e/preferences.spec.ts" timestamp="2023-09-27T10:31:54.280Z" hostname="chromium" tests="10" failures="5" skipped="1" time="223.206" errors="0">
<testcase name="preferences display colors [chromium]" classname="src/test/ts/e2e/preferences.spec.ts" time="20.466">
</testcase>
<testcase name="preferences show line numbers [chromium]" classname="src/test/ts/e2e/preferences.spec.ts" time="29.999">
<failure message="preferences.spec.ts:64:5 preferences show line numbers [chromium]" type="FAILURE">
<![CDATA[  [chromium] › src/test/ts/e2e/preferences.spec.ts:64:5 › preferences show line numbers [chromium] ─

    Test timeout of 30000ms exceeded.

    Pending operations:
      - locator.click at src/test/ts/e2e/preferences.spec.ts:75:21


    attachment #1: video (video/webm) ──────────────────────────────────────────────────────────────
    target/playwright-reports/src-test-ts-e2e-preferences-preferences-show-line-numbers-chromium/video.webm
    ────────────────────────────────────────────────────────────────────────────────────────────────

    attachment #2: trace (application/zip) ─────────────────────────────────────────────────────────
    target/playwright-reports/src-test-ts-e2e-preferences-preferences-show-line-numbers-chromium/trace.zip
    Usage:

        yarn playwright show-trace target/playwright-reports/src-test-ts-e2e-preferences-preferences-show-line-numbers-chromium/trace.zip

    ────────────────────────────────────────────────────────────────────────────────────────────────
]]>
</failure>
<system-out>
<![CDATA[
[[ATTACHMENT|target/playwright-reports/src-test-ts-e2e-preferences-preferences-show-line-numbers-chromium/video.webm]]

[[ATTACHMENT|target/playwright-reports/src-test-ts-e2e-preferences-preferences-show-line-numbers-chromium/trace.zip]]
]]>
</system-out>
</testcase>
<testcase name="preferences show timestamps [chromium]" classname="src/test/ts/e2e/preferences.spec.ts" time="30.001">
<failure message="preferences.spec.ts:81:5 preferences show timestamps [chromium]" type="FAILURE">
<![CDATA[  [chromium] › src/test/ts/e2e/preferences.spec.ts:81:5 › preferences show timestamps [chromium] ───

    Test timeout of 30000ms exceeded.

    Error: expect(received).toHaveAttribute(expected)

    Expected string: "false"
    Received string: ""
    Call log:
      - expect.toHaveAttribute with timeout 5000ms
      - waiting for getByTestId('log-table')


       98 |   await expect(advanced).toHaveAttribute('data-elapsed', 'false');
       99 |   await expect(table).toHaveAttribute('data-format', 'hh:mm:ss a');
    > 100 |   await expect(table).toHaveAttribute('data-elapsed', 'false');
          |                       ^
      101 |   await page.getByTestId('timestampFormat').type('S');
      102 |   await page.getByTestId('timestampFormat').press('Enter');
      103 |   if (browserName === 'chromium') {

        at /src/jenkins/plugins/cloudbees-console-log-viewer/src/test/ts/e2e/preferences.spec.ts:100:23

    Pending operations:
      - expect.toHaveAttribute at src/test/ts/e2e/preferences.spec.ts:93:23


    attachment #1: video (video/webm) ──────────────────────────────────────────────────────────────
    target/playwright-reports/src-test-ts-e2e-preferences-preferences-show-timestamps-chromium/video.webm
    ────────────────────────────────────────────────────────────────────────────────────────────────

    attachment #2: trace (application/zip) ─────────────────────────────────────────────────────────
    target/playwright-reports/src-test-ts-e2e-preferences-preferences-show-timestamps-chromium/trace.zip
    Usage:

        yarn playwright show-trace target/playwright-reports/src-test-ts-e2e-preferences-preferences-show-timestamps-chromium/trace.zip

    ────────────────────────────────────────────────────────────────────────────────────────────────
]]>
</failure>
<system-out>
<![CDATA[
[[ATTACHMENT|target/playwright-reports/src-test-ts-e2e-preferences-preferences-show-timestamps-chromium/video.webm]]

[[ATTACHMENT|target/playwright-reports/src-test-ts-e2e-preferences-preferences-show-timestamps-chromium/trace.zip]]
]]>
</system-out>
</testcase>
<testcase name="preferences save and switch [chromium]" classname="src/test/ts/e2e/preferences.spec.ts" time="30">
<failure message="preferences.spec.ts:127:5 preferences save and switch [chromium]" type="FAILURE">
<![CDATA[  [chromium] › src/test/ts/e2e/preferences.spec.ts:127:5 › preferences save and switch [chromium] ──

    Test timeout of 30000ms exceeded.

    Error: locator.click: Target closed
    =========================== logs ===========================
    waiting for getByText('Elapsed time')
      locator resolved to <mwc-list-item value="true" tabindex="-1" role="option" mwc-lis…>Elapsed time</mwc-list-item>
    attempting click action
      waiting for element to be visible, enabled and stable
      element is visible, enabled and stable
      scrolling into view if needed
      done scrolling
      performing click action
    ============================================================

      144 |   await expect(page.getByTestId('elapsed')).toBeInViewport();
      145 |   await page.getByTestId('elapsed').click({ force: true });
    > 146 |   await page.getByText('Elapsed time').click();
          |                                        ^
      147 |   await page.getByLabel('Enter timestamp pattern').fill('elapsed');
      148 |   await page.getByTestId('timestampSave').click();
      149 |   await expect(page.getByLabel('Enter timestamp pattern')).toHaveValue(

        at /src/jenkins/plugins/cloudbees-console-log-viewer/src/test/ts/e2e/preferences.spec.ts:146:40

    Pending operations:
      - expect.toHaveValue at src/test/ts/e2e/preferences.spec.ts:140:60


    attachment #1: video (video/webm) ──────────────────────────────────────────────────────────────
    target/playwright-reports/src-test-ts-e2e-preferences-preferences-save-and-switch-chromium/video.webm
    ────────────────────────────────────────────────────────────────────────────────────────────────

    attachment #2: trace (application/zip) ─────────────────────────────────────────────────────────
    target/playwright-reports/src-test-ts-e2e-preferences-preferences-save-and-switch-chromium/trace.zip
    Usage:

        yarn playwright show-trace target/playwright-reports/src-test-ts-e2e-preferences-preferences-save-and-switch-chromium/trace.zip

    ────────────────────────────────────────────────────────────────────────────────────────────────
]]>
</failure>
<system-out>
<![CDATA[
[[ATTACHMENT|target/playwright-reports/src-test-ts-e2e-preferences-preferences-save-and-switch-chromium/video.webm]]

[[ATTACHMENT|target/playwright-reports/src-test-ts-e2e-preferences-preferences-save-and-switch-chromium/trace.zip]]
]]>
</system-out>
</testcase>
<testcase name="preferences first line loaded [chromium]" classname="src/test/ts/e2e/preferences.spec.ts" time="29.999">
<failure message="preferences.spec.ts:178:5 preferences first line loaded [chromium]" type="FAILURE">
<![CDATA[  [chromium] › src/test/ts/e2e/preferences.spec.ts:178:5 › preferences first line loaded [chromium] 

    Test timeout of 30000ms exceeded.

    Error: Object with guid response@3fb12dc1bd68838abcfc0839f8daa2f4 was not bound in the connection




    Pending operations:
      - page.goto at src/test/ts/e2e/preferences.spec.ts:186:14


    attachment #1: video (video/webm) ──────────────────────────────────────────────────────────────
    target/playwright-reports/src-test-ts-e2e-preferences-preferences-first-line-loaded-chromium/video.webm
    ────────────────────────────────────────────────────────────────────────────────────────────────

    attachment #2: trace (application/zip) ─────────────────────────────────────────────────────────
    target/playwright-reports/src-test-ts-e2e-preferences-preferences-first-line-loaded-chromium/trace.zip
    Usage:

        yarn playwright show-trace target/playwright-reports/src-test-ts-e2e-preferences-preferences-first-line-loaded-chromium/trace.zip

    ────────────────────────────────────────────────────────────────────────────────────────────────
]]>
</failure>
<system-out>
<![CDATA[
[[ATTACHMENT|target/playwright-reports/src-test-ts-e2e-preferences-preferences-first-line-loaded-chromium/video.webm]]

[[ATTACHMENT|target/playwright-reports/src-test-ts-e2e-preferences-preferences-first-line-loaded-chromium/trace.zip]]
]]>
</system-out>
</testcase>
<testcase name="preferences last line loaded [chromium]" classname="src/test/ts/e2e/preferences.spec.ts" time="30.021">
<failure message="preferences.spec.ts:192:5 preferences last line loaded [chromium]" type="FAILURE">
<![CDATA[  [chromium] › src/test/ts/e2e/preferences.spec.ts:192:5 › preferences last line loaded [chromium] ─

    Test timeout of 30000ms exceeded.

    Pending operations:
      - expect.toBeInViewport at src/test/ts/e2e/preferences.spec.ts:203:41


    attachment #1: video (video/webm) ──────────────────────────────────────────────────────────────
    target/playwright-reports/src-test-ts-e2e-preferences-preferences-last-line-loaded-chromium/video.webm
    ────────────────────────────────────────────────────────────────────────────────────────────────

    attachment #2: trace (application/zip) ─────────────────────────────────────────────────────────
    target/playwright-reports/src-test-ts-e2e-preferences-preferences-last-line-loaded-chromium/trace.zip
    Usage:

        yarn playwright show-trace target/playwright-reports/src-test-ts-e2e-preferences-preferences-last-line-loaded-chromium/trace.zip

    ────────────────────────────────────────────────────────────────────────────────────────────────
]]>
</failure>
<system-out>
<![CDATA[
[[ATTACHMENT|target/playwright-reports/src-test-ts-e2e-preferences-preferences-last-line-loaded-chromium/video.webm]]

[[ATTACHMENT|target/playwright-reports/src-test-ts-e2e-preferences-preferences-last-line-loaded-chromium/trace.zip]]
]]>
</system-out>
</testcase>
<testcase name="preferences first line loaded and no line numbers [chromium]" classname="src/test/ts/e2e/preferences.spec.ts" time="21.951">
</testcase>
<testcase name="preferred theme [chromium]" classname="src/test/ts/e2e/preferences.spec.ts" time="19.878">
</testcase>
<testcase name="preferences word wrap [chromium]" classname="src/test/ts/e2e/preferences.spec.ts" time="10.891">
</testcase>
<testcase name="preferences change scroll and word wrap on in-progress build [chromium]" classname="src/test/ts/e2e/preferences.spec.ts" time="0">
<properties>
<property name="skip" value="">
</property>
</properties>
<skipped>
</skipped>
</testcase>
</testsuite>
<testsuite name="src/test/ts/e2e/scrollcontrols.spec.ts" timestamp="2023-09-27T10:31:54.280Z" hostname="chromium" tests="6" failures="6" skipped="0" time="180.015" errors="0">
<testcase name="double arrows scrolling scenario on log display [chromium]" classname="src/test/ts/e2e/scrollcontrols.spec.ts" time="30">
<failure message="scrollcontrols.spec.ts:55:5 double arrows scrolling scenario on log display [chromium]" type="FAILURE">
<![CDATA[  [chromium] › src/test/ts/e2e/scrollcontrols.spec.ts:55:5 › double arrows scrolling scenario on log display [chromium] 

    Test timeout of 30000ms exceeded.

    Pending operations:
      - expect.toHaveAttribute at src/test/ts/e2e/scrollcontrols.spec.ts:32:60


    attachment #1: video (video/webm) ──────────────────────────────────────────────────────────────
    target/playwright-reports/src-test-ts-e2e-scrollcontrols-double-arrows-scrolling-scenario-on-log-display-chromium/video.webm
    ────────────────────────────────────────────────────────────────────────────────────────────────

    attachment #2: trace (application/zip) ─────────────────────────────────────────────────────────
    target/playwright-reports/src-test-ts-e2e-scrollcontrols-double-arrows-scrolling-scenario-on-log-display-chromium/trace.zip
    Usage:

        yarn playwright show-trace target/playwright-reports/src-test-ts-e2e-scrollcontrols-double-arrows-scrolling-scenario-on-log-display-chromium/trace.zip

    ────────────────────────────────────────────────────────────────────────────────────────────────
]]>
</failure>
<system-out>
<![CDATA[
[[ATTACHMENT|target/playwright-reports/src-test-ts-e2e-scrollcontrols-double-arrows-scrolling-scenario-on-log-display-chromium/video.webm]]

[[ATTACHMENT|target/playwright-reports/src-test-ts-e2e-scrollcontrols-double-arrows-scrolling-scenario-on-log-display-chromium/trace.zip]]
]]>
</system-out>
</testcase>
<testcase name="double arrows scrolling scenario on search display [chromium]" classname="src/test/ts/e2e/scrollcontrols.spec.ts" time="30.001">
<failure message="scrollcontrols.spec.ts:85:5 double arrows scrolling scenario on search display [chromium]" type="FAILURE">
<![CDATA[  [chromium] › src/test/ts/e2e/scrollcontrols.spec.ts:85:5 › double arrows scrolling scenario on search display [chromium] 

    Test timeout of 30000ms exceeded.

    Error: page.waitForResponse: Page closed
    =========================== logs ===========================
    waiting for response "**/details?text=nested"
    ============================================================

      106 |   await assertScrollControlIcons(page, true, true);
      107 |
    > 108 |   response = page.waitForResponse('**/details?text=nested');
          |                   ^
      109 |   await page.getByTestId(SCROLL_TO_TOP_TEST_ID).click();
      110 |   await response;
      111 |   await assertLineScrollingDone(page);

        at /src/jenkins/plugins/cloudbees-console-log-viewer/src/test/ts/e2e/scrollcontrols.spec.ts:108:19

    Pending operations:
      - page.waitForResponse at src/test/ts/e2e/scrollcontrols.spec.ts:108:19
      - locator.click at src/test/ts/e2e/scrollcontrols.spec.ts:109:49


    attachment #1: video (video/webm) ──────────────────────────────────────────────────────────────
    target/playwright-reports/src-test-ts-e2e-scrollcontrols-double-arrows-scrolling-scenario-on-search-display-chromium/video.webm
    ────────────────────────────────────────────────────────────────────────────────────────────────

    attachment #2: trace (application/zip) ─────────────────────────────────────────────────────────
    target/playwright-reports/src-test-ts-e2e-scrollcontrols-double-arrows-scrolling-scenario-on-search-display-chromium/trace.zip
    Usage:

        yarn playwright show-trace target/playwright-reports/src-test-ts-e2e-scrollcontrols-double-arrows-scrolling-scenario-on-search-display-chromium/trace.zip

    ────────────────────────────────────────────────────────────────────────────────────────────────
]]>
</failure>
<system-out>
<![CDATA[
[[ATTACHMENT|target/playwright-reports/src-test-ts-e2e-scrollcontrols-double-arrows-scrolling-scenario-on-search-display-chromium/video.webm]]

[[ATTACHMENT|target/playwright-reports/src-test-ts-e2e-scrollcontrols-double-arrows-scrolling-scenario-on-search-display-chromium/trace.zip]]
]]>
</system-out>
<system-err>
<![CDATA[(node:895847) PromiseRejectionHandledWarning: Promise rejection was handled asynchronously (rejection id: 12)
(Use `node --trace-warnings ...` to show where the warning was created)
]]>
</system-err>
</testcase>
<testcase name="double arrows scrolling with selected line 1 [chromium]" classname="src/test/ts/e2e/scrollcontrols.spec.ts" time="30.005">
<failure message="scrollcontrols.spec.ts:116:5 double arrows scrolling with selected line 1 [chromium]" type="FAILURE">
<![CDATA[  [chromium] › src/test/ts/e2e/scrollcontrols.spec.ts:116:5 › double arrows scrolling with selected line 1 [chromium] 

    Test timeout of 30000ms exceeded.

    Error: page.evaluate: Target page, context or browser has been closed

      17 |
      18 | async function assertHash(page: Page, line) {
    > 19 |   const hash = await page.evaluate(() => window.location.hash);
         |                           ^
      20 |   await expect(hash).toBe(`#line-${line}`);
      21 | }
      22 |

        at assertHash (/src/jenkins/plugins/cloudbees-console-log-viewer/src/test/ts/e2e/scrollcontrols.spec.ts:19:27)
        at /src/jenkins/plugins/cloudbees-console-log-viewer/src/test/ts/e2e/scrollcontrols.spec.ts:139:9

    Pending operations:
      - locator.click at src/test/ts/e2e/scrollcontrols.spec.ts:136:52


    attachment #1: video (video/webm) ──────────────────────────────────────────────────────────────
    target/playwright-reports/src-test-ts-e2e-scrollcontrols-double-arrows-scrolling-with-selected-line-1-chromium/video.webm
    ────────────────────────────────────────────────────────────────────────────────────────────────

    attachment #2: trace (application/zip) ─────────────────────────────────────────────────────────
    target/playwright-reports/src-test-ts-e2e-scrollcontrols-double-arrows-scrolling-with-selected-line-1-chromium/trace.zip
    Usage:

        yarn playwright show-trace target/playwright-reports/src-test-ts-e2e-scrollcontrols-double-arrows-scrolling-with-selected-line-1-chromium/trace.zip

    ────────────────────────────────────────────────────────────────────────────────────────────────
]]>
</failure>
<system-out>
<![CDATA[
[[ATTACHMENT|target/playwright-reports/src-test-ts-e2e-scrollcontrols-double-arrows-scrolling-with-selected-line-1-chromium/video.webm]]

[[ATTACHMENT|target/playwright-reports/src-test-ts-e2e-scrollcontrols-double-arrows-scrolling-with-selected-line-1-chromium/trace.zip]]
]]>
</system-out>
</testcase>
<testcase name="double arrows scrolling twice to top with selected line [chromium]" classname="src/test/ts/e2e/scrollcontrols.spec.ts" time="30.001">
<failure message="scrollcontrols.spec.ts:142:5 double arrows scrolling twice to top with selected line [chromium]" type="FAILURE">
[...]
</testcase>
<testcase name="preferences change scroll and word wrap on in-progress build [firefox]" classname="src/test/ts/e2e/preferences.spec.ts" time="0">
<properties>
<property name="skip" value="">
</property>
</properties>
<skipped>
</skipped>
</testcase>
</testsuite>
<testsuite name="src/test/ts/e2e/scrollcontrols.spec.ts" timestamp="2023-09-27T10:31:54.280Z" hostname="firefox" tests="6" failures="2" skipped="1" time="144.753" errors="0">
<testcase name="double arrows scrolling scenario on log display [firefox]" classname="src/test/ts/e2e/scrollcontrols.spec.ts" time="30.004">
<failure message="scrollcontrols.spec.ts:55:5 double arrows scrolling scenario on log display [firefox]" type="FAILURE">
<![CDATA[  [firefox] › src/test/ts/e2e/scrollcontrols.spec.ts:55:5 › double arrows scrolling scenario on log display [firefox] 

    Test timeout of 30000ms exceeded.

    Error: line 746 should be visible

    Call log:
      - line 746 should be visible with timeout 5000ms
      - waiting for locator('#log-display').getByTestId('log-line-746')


       at src/test/ts/e2e/utils/utils.ts:222

      220 |     locateLine(page, line, search, index),
      221 |     `line ${index ? 'with index ' : ''}${line} should be visible`,
    > 222 |   ).toBeVisible();
          |     ^
      223 |   await locateLine(page, line, search, index).scrollIntoViewIfNeeded();
      224 | }
      225 |

        at scrollInstantToLine (/src/jenkins/plugins/cloudbees-console-log-viewer/src/test/ts/e2e/utils/utils.ts:222:5)
        at /src/jenkins/plugins/cloudbees-console-log-viewer/src/test/ts/e2e/scrollcontrols.spec.ts:64:28

    Pending operations:
      - locator.getAttribute at src/test/ts/e2e/utils/rdc-utils.ts:17:6


    attachment #1: video (video/webm) ──────────────────────────────────────────────────────────────
    target/playwright-reports/src-test-ts-e2e-scrollcontrols-double-arrows-scrolling-scenario-on-log-display-firefox/video.webm
    ────────────────────────────────────────────────────────────────────────────────────────────────

    attachment #2: trace (application/zip) ─────────────────────────────────────────────────────────
    target/playwright-reports/src-test-ts-e2e-scrollcontrols-double-arrows-scrolling-scenario-on-log-display-firefox/trace.zip
    Usage:

        yarn playwright show-trace target/playwright-reports/src-test-ts-e2e-scrollcontrols-double-arrows-scrolling-scenario-on-log-display-firefox/trace.zip

    ────────────────────────────────────────────────────────────────────────────────────────────────
]]>
</failure>
<system-out>
<![CDATA[
[[ATTACHMENT|target/playwright-reports/src-test-ts-e2e-scrollcontrols-double-arrows-scrolling-scenario-on-log-display-firefox/video.webm]]

[[ATTACHMENT|target/playwright-reports/src-test-ts-e2e-scrollcontrols-double-arrows-scrolling-scenario-on-log-display-firefox/trace.zip]]
]]>
</system-out>
</testcase>
<testcase name="double arrows scrolling scenario on search display [firefox]" classname="src/test/ts/e2e/scrollcontrols.spec.ts" time="29.599">
</testcase>
<testcase name="double arrows scrolling with selected line 1 [firefox]" classname="src/test/ts/e2e/scrollcontrols.spec.ts" time="28.145">
</testcase>
<testcase name="double arrows scrolling twice to top with selected line [firefox]" classname="src/test/ts/e2e/scrollcontrols.spec.ts" time="24.627">
</testcase>
<testcase name="double arrows scrolling twice to bottom with selected line [firefox]" classname="src/test/ts/e2e/scrollcontrols.spec.ts" time="30.001">
<failure message="scrollcontrols.spec.ts:180:5 double arrows scrolling twice to bottom with selected line [firefox]" type="FAILURE">
<![CDATA[  [firefox] › src/test/ts/e2e/scrollcontrols.spec.ts:180:5 › double arrows scrolling twice to bottom with selected line [firefox] 

    Test timeout of 30000ms exceeded.

    Pending operations:
      - page.evaluate at src/test/ts/e2e/utils/utils.ts:270:14


    attachment #1: video (video/webm) ──────────────────────────────────────────────────────────────
    target/playwright-reports/src-test-ts-e2e-scrollcontrols-double-arrows-scrolling-twice-to-bottom-with-selected-line-firefox/video.webm
    ────────────────────────────────────────────────────────────────────────────────────────────────

    attachment #2: trace (application/zip) ─────────────────────────────────────────────────────────
    target/playwright-reports/src-test-ts-e2e-scrollcontrols-double-arrows-scrolling-twice-to-bottom-with-selected-line-firefox/trace.zip
    Usage:

        yarn playwright show-trace target/playwright-reports/src-test-ts-e2e-scrollcontrols-double-arrows-scrolling-twice-to-bottom-with-selected-line-firefox/trace.zip

    ────────────────────────────────────────────────────────────────────────────────────────────────
]]>
</failure>
<system-out>
<![CDATA[
[[ATTACHMENT|target/playwright-reports/src-test-ts-e2e-scrollcontrols-double-arrows-scrolling-twice-to-bottom-with-selected-line-firefox/video.webm]]

[[ATTACHMENT|target/playwright-reports/src-test-ts-e2e-scrollcontrols-double-arrows-scrolling-twice-to-bottom-with-selected-line-firefox/trace.zip]]
]]>
</system-out>
</testcase>
<testcase name="scroll controls state when go back and forth [firefox]" classname="src/test/ts/e2e/scrollcontrols.spec.ts" time="2.377">
<properties>
<property name="skip" value="Scrolling in the logs or search view also scrolls the other view when you switch back, but only on Firefox.">
</property>
</properties>
<skipped>
</skipped>
</testcase>
</testsuite>
<testsuite name="src/test/ts/e2e/search.spec.ts" timestamp="2023-09-27T10:31:54.280Z" hostname="firefox" tests="8" failures="7" skipped="0" time="233.3" errors="0">
<testcase name="input search back and forth [firefox]" classname="src/test/ts/e2e/search.spec.ts" time="30.001">
<failure message="search.spec.ts:24:5 input search back and forth [firefox]" type="FAILURE">
<![CDATA[  [firefox] › src/test/ts/e2e/search.spec.ts:24:5 › input search back and forth [firefox] ──────────

    Test timeout of 30000ms exceeded.

    Error: expect(received).toBeHidden()
    Call log:
      - expect.toBeHidden with timeout 5000ms
      - waiting for getByTestId('end-icon')


      51 |   await expect(backToLog).toBeInViewport();
      52 |   await expect(backToSearch).toBeHidden();
    > 53 |   await expect(page.getByTestId('end-icon')).toBeHidden();
         |                                              ^
      54 |   await expect(locateLines(page, true)).toHaveCount(perPage);
      55 |   await expect(page).toHaveURL(`${baseURL}${pipeline}?text=nested`);
      56 |

        at /src/jenkins/plugins/cloudbees-console-log-viewer/src/test/ts/e2e/search.spec.ts:53:46

    Pending operations:
      - locator.getAttribute at src/test/ts/e2e/utils/rdc-utils.ts:20:6


    attachment #1: video (video/webm) ──────────────────────────────────────────────────────────────
    target/playwright-reports/src-test-ts-e2e-search-input-search-back-and-forth-firefox/video.webm
    ────────────────────────────────────────────────────────────────────────────────────────────────

    attachment #2: trace (application/zip) ─────────────────────────────────────────────────────────
    target/playwright-reports/src-test-ts-e2e-search-input-search-back-and-forth-firefox/trace.zip
    Usage:

        yarn playwright show-trace target/playwright-reports/src-test-ts-e2e-search-input-search-back-and-forth-firefox/trace.zip

    ────────────────────────────────────────────────────────────────────────────────────────────────
]]>
</failure>
<system-out>
<![CDATA[
[[ATTACHMENT|target/playwright-reports/src-test-ts-e2e-search-input-search-back-and-forth-firefox/video.webm]]

[[ATTACHMENT|target/playwright-reports/src-test-ts-e2e-search-input-search-back-and-forth-firefox/trace.zip]]
]]>
</system-out>
</testcase>
<testcase name="access search back and forth [firefox]" classname="src/test/ts/e2e/search.spec.ts" time="30">
<failure message="search.spec.ts:86:5 access search back and forth [firefox]" type="FAILURE">
<![CDATA[  [firefox] › src/test/ts/e2e/search.spec.ts:86:5 › access search back and forth [firefox] ─────────

    Test timeout of 30000ms exceeded.

    Error: expect.toBeVisible: Target page, context or browser has been closed

       at src/test/ts/e2e/utils/utils.ts:245

      243 |
      244 | export async function assertCurrentDisplay(page: Page, search = false) {
    > 245 |   await expect(locateDisplay(page, search)).toBeVisible();
          |                                             ^
      246 |   await expect(locateDisplay(page, !search)).toBeHidden();
      247 | }
      248 |

        at assertCurrentDisplay (/src/jenkins/plugins/cloudbees-console-log-viewer/src/test/ts/e2e/utils/utils.ts:245:45)
        at /src/jenkins/plugins/cloudbees-console-log-viewer/src/test/ts/e2e/search.spec.ts:138:29

    Pending operations:
      - locator.click at src/test/ts/e2e/search.spec.ts:123:19


    attachment #1: video (video/webm) ──────────────────────────────────────────────────────────────
    target/playwright-reports/src-test-ts-e2e-search-access-search-back-and-forth-firefox/video.webm
    ────────────────────────────────────────────────────────────────────────────────────────────────

    attachment #2: trace (application/zip) ─────────────────────────────────────────────────────────
    target/playwright-reports/src-test-ts-e2e-search-access-search-back-and-forth-firefox/trace.zip
    Usage:

        yarn playwright show-trace target/playwright-reports/src-test-ts-e2e-search-access-search-back-and-forth-firefox/trace.zip

    ────────────────────────────────────────────────────────────────────────────────────────────────
]]>
</failure>
<system-out>
<![CDATA[
[[ATTACHMENT|target/playwright-reports/src-test-ts-e2e-search-access-search-back-and-forth-firefox/video.webm]]

[[ATTACHMENT|target/playwright-reports/src-test-ts-e2e-search-access-search-back-and-forth-firefox/trace.zip]]
]]>
</system-out>
</testcase>
<testcase name="search twice [firefox]" classname="src/test/ts/e2e/search.spec.ts" time="30.004">
<failure message="search.spec.ts:145:5 search twice [firefox]" type="FAILURE">
<![CDATA[  [firefox] › src/test/ts/e2e/search.spec.ts:145:5 › search twice [firefox] ────────────────────────

    Test timeout of 30000ms exceeded.

    Error: expect(received).toBeInViewport()
    Call log:
      - expect.toBeInViewport with timeout 5000ms
      - waiting for getByText('339 results for "nested" on all logs')


      175 |   await expect(
      176 |     page.getByText(`${total} results for "nested" on all logs`),
    > 177 |   ).toBeInViewport();
          |     ^
      178 |   await expect(page.getByTestId('loading')).not.toBeInViewport();
      179 |   await expect(locateLines(page, true)).toHaveCount(perPage);
      180 |

        at /src/jenkins/plugins/cloudbees-console-log-viewer/src/test/ts/e2e/search.spec.ts:177:5

    Pending operations:
      - expect.toBeInViewport at src/test/ts/e2e/search.spec.ts:169:5


    attachment #1: video (video/webm) ──────────────────────────────────────────────────────────────
    target/playwright-reports/src-test-ts-e2e-search-search-twice-firefox/video.webm
    ────────────────────────────────────────────────────────────────────────────────────────────────

    attachment #2: trace (application/zip) ─────────────────────────────────────────────────────────
    target/playwright-reports/src-test-ts-e2e-search-search-twice-firefox/trace.zip
    Usage:

        yarn playwright show-trace target/playwright-reports/src-test-ts-e2e-search-search-twice-firefox/trace.zip

    ────────────────────────────────────────────────────────────────────────────────────────────────
]]>
</failure>
<system-out>
<![CDATA[
[[ATTACHMENT|target/playwright-reports/src-test-ts-e2e-search-search-twice-firefox/video.webm]]

[[ATTACHMENT|target/playwright-reports/src-test-ts-e2e-search-search-twice-firefox/trace.zip]]
]]>
</system-out>
</testcase>
<testcase name="search in progress and refresh [firefox]" classname="src/test/ts/e2e/search.spec.ts" time="30">
<failure message="search.spec.ts:199:5 search in progress and refresh [firefox]" type="FAILURE">
<![CDATA[  [firefox] › src/test/ts/e2e/search.spec.ts:199:5 › search in progress and refresh [firefox] ──────

    Test timeout of 30000ms exceeded.

    Error: locator.getAttribute: Target closed
    =========================== logs ===========================
    waiting for getByTestId('rdc-total-log')
    ============================================================

       at src/test/ts/e2e/utils/rdc-utils.ts:14

      12 |   const totalLog = await page
      13 |     .getByTestId('rdc-total-log')
    > 14 |     .getAttribute('value');
         |      ^
      15 |   const totalSearch = await page
      16 |     .getByTestId('rdc-total-search')
      17 |     .getAttribute('value');

        at getLogsInfo (/src/jenkins/plugins/cloudbees-console-log-viewer/src/test/ts/e2e/utils/rdc-utils.ts:14:6)
        at /src/jenkins/plugins/cloudbees-console-log-viewer/src/test/ts/e2e/search.spec.ts:210:51

    Pending operations:
      - locator.getAttribute at src/test/ts/e2e/utils/rdc-utils.ts:14:6


    attachment #1: video (video/webm) ──────────────────────────────────────────────────────────────
    target/playwright-reports/src-test-ts-e2e-search-search-in-progress-and-refresh-firefox/video.webm
    ────────────────────────────────────────────────────────────────────────────────────────────────

    attachment #2: trace (application/zip) ─────────────────────────────────────────────────────────
    target/playwright-reports/src-test-ts-e2e-search-search-in-progress-and-refresh-firefox/trace.zip
    Usage:

        yarn playwright show-trace target/playwright-reports/src-test-ts-e2e-search-search-in-progress-and-refresh-firefox/trace.zip

    ────────────────────────────────────────────────────────────────────────────────────────────────
]]>
</failure>
<system-out>
<![CDATA[
[[ATTACHMENT|target/playwright-reports/src-test-ts-e2e-search-search-in-progress-and-refresh-firefox/video.webm]]

[[ATTACHMENT|target/playwright-reports/src-test-ts-e2e-search-search-in-progress-and-refresh-firefox/trace.zip]]
]]>
</system-out>
</testcase>
<testcase name="abort search [firefox]" classname="src/test/ts/e2e/search.spec.ts" time="30">
<failure message="search.spec.ts:224:5 abort search [firefox]" type="FAILURE">
<![CDATA[  [firefox] › src/test/ts/e2e/search.spec.ts:224:5 › abort search [firefox] ────────────────────────

    Test timeout of 30000ms exceeded.

    Error: locator.getAttribute: Target closed
    =========================== logs ===========================
    waiting for getByTestId('rdc-total-log')
    ============================================================

       at src/test/ts/e2e/utils/rdc-utils.ts:14

      12 |   const totalLog = await page
      13 |     .getByTestId('rdc-total-log')
    > 14 |     .getAttribute('value');
         |      ^
      15 |   const totalSearch = await page
      16 |     .getByTestId('rdc-total-search')
      17 |     .getAttribute('value');

        at getLogsInfo (/src/jenkins/plugins/cloudbees-console-log-viewer/src/test/ts/e2e/utils/rdc-utils.ts:14:6)
        at /src/jenkins/plugins/cloudbees-console-log-viewer/src/test/ts/e2e/search.spec.ts:269:60

    Pending operations:
      - expect.toBeInViewport at src/test/ts/e2e/search.spec.ts:259:5


    attachment #1: video (video/webm) ──────────────────────────────────────────────────────────────
    target/playwright-reports/src-test-ts-e2e-search-abort-search-firefox/video.webm
    ────────────────────────────────────────────────────────────────────────────────────────────────

    attachment #2: trace (application/zip) ─────────────────────────────────────────────────────────
    target/playwright-reports/src-test-ts-e2e-search-abort-search-firefox/trace.zip
    Usage:

        yarn playwright show-trace target/playwright-reports/src-test-ts-e2e-search-abort-search-firefox/trace.zip

    ────────────────────────────────────────────────────────────────────────────────────────────────
]]>
</failure>
<system-out>
<![CDATA[
[[ATTACHMENT|target/playwright-reports/src-test-ts-e2e-search-abort-search-firefox/video.webm]]

[[ATTACHMENT|target/playwright-reports/src-test-ts-e2e-search-abort-search-firefox/trace.zip]]
]]>
</system-out>
</testcase>
<testcase name="search no auto-polling [firefox]" classname="src/test/ts/e2e/search.spec.ts" time="30">
<failure message="search.spec.ts:279:5 search no auto-polling [firefox]" type="FAILURE">
<![CDATA[  [firefox] › src/test/ts/e2e/search.spec.ts:279:5 › search no auto-polling [firefox] ──────────────

    Test timeout of 30000ms exceeded.

    attachment #1: video (video/webm) ──────────────────────────────────────────────────────────────
    target/playwright-reports/src-test-ts-e2e-search-search-no-auto-polling-firefox/video.webm
    ────────────────────────────────────────────────────────────────────────────────────────────────

    attachment #2: trace (application/zip) ─────────────────────────────────────────────────────────
    target/playwright-reports/src-test-ts-e2e-search-search-no-auto-polling-firefox/trace.zip
    Usage:

        yarn playwright show-trace target/playwright-reports/src-test-ts-e2e-search-search-no-auto-polling-firefox/trace.zip

    ────────────────────────────────────────────────────────────────────────────────────────────────
]]>
</failure>
<system-out>
<![CDATA[
[[ATTACHMENT|target/playwright-reports/src-test-ts-e2e-search-search-no-auto-polling-firefox/video.webm]]

[[ATTACHMENT|target/playwright-reports/src-test-ts-e2e-search-search-no-auto-polling-firefox/trace.zip]]
]]>
</system-out>
</testcase>
<testcase name="search on filtered logs [firefox]" classname="src/test/ts/e2e/search.spec.ts" time="30.002">
<failure message="search.spec.ts:314:5 search on filtered logs [firefox]" type="FAILURE">
<![CDATA[  [firefox] › src/test/ts/e2e/search.spec.ts:314:5 › search on filtered logs [firefox] ─────────────

    Test timeout of 30000ms exceeded.

    Error: expect(received).toHaveAttribute(expected)

    Expected string: "false"
    Received string: ""
    Call log:
      - expect.toHaveAttribute with timeout 5000ms
      - waiting for getByTestId('searchbox-filter-trailing-icon')


      393 |   await filterButton.click();
      394 |   await expect(searchFilteredLogsButton).toBeInViewport();
    > 395 |   await expect(filterButton).toHaveAttribute('data-active', 'false');
          |                              ^
      396 |   await response;
      397 |
      398 |   await expect(

        at /src/jenkins/plugins/cloudbees-console-log-viewer/src/test/ts/e2e/search.spec.ts:395:30

    Pending operations:
      - locator.getAttribute at src/test/ts/e2e/utils/rdc-utils.ts:14:6


    attachment #1: video (video/webm) ──────────────────────────────────────────────────────────────
    target/playwright-reports/src-test-ts-e2e-search-search-on-filtered-logs-firefox/video.webm
    ────────────────────────────────────────────────────────────────────────────────────────────────

    attachment #2: trace (application/zip) ─────────────────────────────────────────────────────────
    target/playwright-reports/src-test-ts-e2e-search-search-on-filtered-logs-firefox/trace.zip
    Usage:

        yarn playwright show-trace target/playwright-reports/src-test-ts-e2e-search-search-on-filtered-logs-firefox/trace.zip

    ────────────────────────────────────────────────────────────────────────────────────────────────
]]>
</failure>
<system-out>
<![CDATA[
[[ATTACHMENT|target/playwright-reports/src-test-ts-e2e-search-search-on-filtered-logs-firefox/video.webm]]

[[ATTACHMENT|target/playwright-reports/src-test-ts-e2e-search-search-on-filtered-logs-firefox/trace.zip]]
]]>
</system-out>
</testcase>
<testcase name="searchbox clear icon [firefox]" classname="src/test/ts/e2e/search.spec.ts" time="23.293">
</testcase>
</testsuite>
</testsuites>