<?xml version="1.0" encoding="UTF-8"?>
<testsuite xmlns:xsi="http://www.w3.org/2001/XMLSchema-instance" xsi:noNamespaceSchemaLocation="https://maven.apache.org/surefire/maven-surefire-plugin/xsd/surefire-test-report-3.0.xsd" version="3.0" name="com.cloudbees.jenkins.plugins.pipeline.explorer.log.file.RealWorldAdvancedFileLogStorageSizeTest" time="10.867" tests="1" errors="0" skipped="1" failures="0">
  <properties>
[...]
</properties>
  <testcase name="real_world" classname="com.cloudbees.jenkins.plugins.pipeline.explorer.log.file.RealWorldAdvancedFileLogStorageSizeTest" time="0.0">
    <skipped type="org.junit.AssumptionViolatedException"><![CDATA[org.junit.AssumptionViolatedException: got: <[Test must be run manually, null]>, expected: every item is not null
	at org.junit.Assume.assumeThat(Assume.java:106)
	at org.junit.Assume.assumeNotNull(Assume.java:84)
	at com.cloudbees.jenkins.plugins.pipeline.explorer.log.file.RealWorldAdvancedFileLogStorageSizeTest.real_world(RealWorldAdvancedFileLogStorageSizeTest.java:28)
	at java.base/java.lang.reflect.Method.invoke(Method.java:566)
	at org.jvnet.hudson.test.JenkinsRule$1.evaluate(JenkinsRule.java:607)
	at java.base/java.util.concurrent.FutureTask.run(FutureTask.java:264)
	at java.base/java.lang.Thread.run(Thread.java:834)
]]></skipped>
    <system-out><![CDATA[=== Starting real_world(com.cloudbees.jenkins.plugins.pipeline.explorer.log.file.RealWorldAdvancedFileLogStorageSizeTest)
]]></system-out>
    <system-err><![CDATA[   0.164 [id=19]	INFO	o.jvnet.hudson.test.WarExploder#explode: Picking up existing exploded jenkins.war at /src/jenkins/plugins/cloudbees-console-log-viewer/target/jenkins-for-test
   0.823 [id=19]	INFO	o.jvnet.hudson.test.JenkinsRule#createWebServer: Running on http://localhost:32833/jenkins/
   2.162 [id=33]	INFO	jenkins.InitReactorRunner$1#onAttained: Started initialization
   2.794 [id=40]	INFO	hudson.PluginManager#considerDetachedPlugin: Loading a detached plugin as a dependency: /src/jenkins/plugins/cloudbees-console-log-viewer/target/tmp/jenkins13760384018387926626/plugins/javax-mail-api.jpi
   3.871 [id=33]	INFO	hudson.PluginManager#considerDetachedPlugin: Loading a detached plugin as a dependency: /src/jenkins/plugins/cloudbees-console-log-viewer/target/tmp/jenkins13760384018387926626/plugins/command-launcher.jpi
   3.890 [id=33]	INFO	hudson.PluginManager#considerDetachedPlugin: Loading a detached plugin as a dependency: /src/jenkins/plugins/cloudbees-console-log-viewer/target/tmp/jenkins13760384018387926626/plugins/jdk-tool.jpi
   3.909 [id=33]	INFO	hudson.PluginManager#considerDetachedPlugin: Loading a detached plugin as a dependency: /src/jenkins/plugins/cloudbees-console-log-viewer/target/tmp/jenkins13760384018387926626/plugins/sshd.jpi
   4.598 [id=44]	INFO	jenkins.InitReactorRunner$1#onAttained: Listed all plugins
   4.639 [id=41]	INFO	j.b.api.BouncyCastlePlugin#start: /src/jenkins/plugins/cloudbees-console-log-viewer/target/tmp/j h7665801233394500862/plugins/bouncycastle-api/WEB-INF/optional-lib not found; for non RealJenkinsRule this is fine and can be ignored.
   7.483 [id=45]	INFO	jenkins.InitReactorRunner$1#onAttained: Prepared all plugins
   7.630 [id=36]	INFO	jenkins.InitReactorRunner$1#onAttained: Started all plugins
   7.633 [id=32]	INFO	jenkins.InitReactorRunner$1#onAttained: Augmented all extensions
   7.683 [id=33]	INFO	jenkins.InitReactorRunner$1#onAttained: System config loaded
   9.062 [id=33]	INFO	jenkins.InitReactorRunner$1#onAttained: System config adapted
   9.063 [id=37]	INFO	jenkins.InitReactorRunner$1#onAttained: Loaded all jobs
   9.083 [id=37]	INFO	jenkins.InitReactorRunner$1#onAttained: Configuration for all jobs updated
   9.352 [id=36]	INFO	jenkins.InitReactorRunner$1#onAttained: Completed initialization
   9.519 [id=19]	INFO	hudson.lifecycle.Lifecycle#onStatusUpdate: Stopping Jenkins
   9.592 [id=19]	INFO	hudson.lifecycle.Lifecycle#onStatusUpdate: Jenkins stopped
   9.673 [id=19]	INFO	o.j.h.t.TemporaryDirectoryAllocator#dispose: deleting /src/jenkins/plugins/cloudbees-console-log-viewer/target/tmp/j h7665801233394500862
]]></system-err>
  </testcase>
</testsuite>